2023-03-25T13:50:48.217+0800	ERROR	middleware/recovery.go:73	[Recovery from panic]{error 15 0 invalid WriteHeader code 1001 <nil>} {request 15 0 POST /api/v1/email/sendEmail HTTP/1.1
Host: 127.0.0.1:8084
Accept: */*
Accept-Encoding: gzip, deflate, br
Connection: keep-alive
Content-Length: 35
Content-Type: application/json
User-Agent: apifox/1.0.0 (https://www.apifox.cn)

 <nil>} {body 15 0 {
    "email":1197285120qq.com"
} <nil>} {stack 15 0 goroutine 37 [running]:
runtime/debug.Stack()
	D:/workspace/go/go1.19.5/src/runtime/debug/stack.go:24 +0x65
go-chat/internal/middleware.Recovery.func1.1()
	D:/workspace/go/src/go-chat/internal/middleware/recovery.go:77 +0x69e
panic({0x8d1060, 0xc000140120})
	D:/workspace/go/go1.19.5/src/runtime/panic.go:884 +0x212
net/http.checkWriteHeaderCode(...)
	D:/workspace/go/go1.19.5/src/net/http/server.go:1116
net/http.(*response).WriteHeader(0xc000468000, 0x3e9)
	D:/workspace/go/go1.19.5/src/net/http/server.go:1150 +0x9db
github.com/gin-gonic/gin.(*responseWriter).WriteHeaderNow(...)
	C:/GOPATH/pkg/mod/github.com/gin-gonic/gin@v1.9.0/response_writer.go:77
github.com/gin-gonic/gin.(*responseWriter).Write(0xc000454100, {0xc00013a280?, 0x3b?, 0x40?})
	C:/GOPATH/pkg/mod/github.com/gin-gonic/gin@v1.9.0/response_writer.go:82 +0x54
github.com/gin-gonic/gin/render.WriteJSON({0x1c437f14a58, 0xc000454100}, {0x922700, 0xc0000f0120})
	C:/GOPATH/pkg/mod/github.com/gin-gonic/gin@v1.9.0/render/json.go:72 +0x91
github.com/gin-gonic/gin/render.JSON.Render(...)
	C:/GOPATH/pkg/mod/github.com/gin-gonic/gin@v1.9.0/render/json.go:57
github.com/gin-gonic/gin.(*Context).Render(0xc000454100, 0x3e9, {0xaffd70, 0xc000140040})
	C:/GOPATH/pkg/mod/github.com/gin-gonic/gin@v1.9.0/context.go:926 +0xf8
github.com/gin-gonic/gin.(*Context).JSON(...)
	C:/GOPATH/pkg/mod/github.com/gin-gonic/gin@v1.9.0/context.go:971
go-chat/internal/api/base.HandleValidatorError(0x0?, {0xafc040?, 0xc00008a198})
	D:/workspace/go/src/go-chat/internal/api/base/base.go:29 +0x15e
go-chat/internal/api/v1.email.SendEmail({}, 0xc000454100)
	D:/workspace/go/src/go-chat/internal/api/v1/email.go:68 +0x11c
github.com/gin-gonic/gin.(*Context).Next(...)
	C:/GOPATH/pkg/mod/github.com/gin-gonic/gin@v1.9.0/context.go:174
go-chat/internal/middleware.Recovery.func1(0xc000454100)
	D:/workspace/go/src/go-chat/internal/middleware/recovery.go:89 +0x88
github.com/gin-gonic/gin.(*Context).Next(...)
	C:/GOPATH/pkg/mod/github.com/gin-gonic/gin@v1.9.0/context.go:174
github.com/gin-gonic/gin.(*Engine).handleHTTPRequest(0xc000085ba0, 0xc000454100)
	C:/GOPATH/pkg/mod/github.com/gin-gonic/gin@v1.9.0/gin.go:620 +0x671
github.com/gin-gonic/gin.(*Engine).ServeHTTP(0xc000085ba0, {0xb00a30?, 0xc000468000}, 0xc000454000)
	C:/GOPATH/pkg/mod/github.com/gin-gonic/gin@v1.9.0/gin.go:576 +0x1dd
net/http.serverHandler.ServeHTTP({0xaff320?}, {0xb00a30, 0xc000468000}, 0xc000454000)
	D:/workspace/go/go1.19.5/src/net/http/server.go:2947 +0x30c
net/http.(*conn).serve(0xc0000f6000, {0xb016a0, 0xc000448120})
	D:/workspace/go/go1.19.5/src/net/http/server.go:1991 +0x607
created by net/http.(*Server).Serve
	D:/workspace/go/go1.19.5/src/net/http/server.go:3102 +0x4db
 <nil>}
2023-03-25T13:51:59.193+0800	ERROR	middleware/recovery.go:73	[Recovery from panic]{error 15 0 invalid WriteHeader code 1001 <nil>} {request 15 0 POST /api/v1/email/sendEmail HTTP/1.1
Host: 127.0.0.1:8084
Accept: */*
Accept-Encoding: gzip, deflate, br
Connection: keep-alive
Content-Length: 35
Content-Type: application/json
User-Agent: apifox/1.0.0 (https://www.apifox.cn)

 <nil>} {body 15 0 {
    "email":1197285120qq.com"
} <nil>} {stack 15 0 goroutine 82 [running]:
runtime/debug.Stack()
	D:/workspace/go/go1.19.5/src/runtime/debug/stack.go:24 +0x65
go-chat/internal/middleware.Recovery.func1.1()
	D:/workspace/go/src/go-chat/internal/middleware/recovery.go:77 +0x69e
panic({0x1532060, 0xc00008df60})
	D:/workspace/go/go1.19.5/src/runtime/panic.go:884 +0x212
net/http.checkWriteHeaderCode(...)
	D:/workspace/go/go1.19.5/src/net/http/server.go:1116
net/http.(*response).WriteHeader(0xc00039c0e0, 0x3e9)
	D:/workspace/go/go1.19.5/src/net/http/server.go:1150 +0x9db
github.com/gin-gonic/gin.(*responseWriter).WriteHeaderNow(...)
	C:/GOPATH/pkg/mod/github.com/gin-gonic/gin@v1.9.0/response_writer.go:77
github.com/gin-gonic/gin.(*responseWriter).Write(0xc0001ba500, {0xc0000c0b80?, 0x3b?, 0x40?})
	C:/GOPATH/pkg/mod/github.com/gin-gonic/gin@v1.9.0/response_writer.go:82 +0x54
github.com/gin-gonic/gin/render.WriteJSON({0x218e0144e98, 0xc0001ba500}, {0x1583700, 0xc000486e10})
	C:/GOPATH/pkg/mod/github.com/gin-gonic/gin@v1.9.0/render/json.go:72 +0x91
github.com/gin-gonic/gin/render.JSON.Render(...)
	C:/GOPATH/pkg/mod/github.com/gin-gonic/gin@v1.9.0/render/json.go:57
github.com/gin-gonic/gin.(*Context).Render(0xc0001ba500, 0x3e9, {0x1760d70, 0xc00008de90})
	C:/GOPATH/pkg/mod/github.com/gin-gonic/gin@v1.9.0/context.go:926 +0xf8
github.com/gin-gonic/gin.(*Context).JSON(...)
	C:/GOPATH/pkg/mod/github.com/gin-gonic/gin@v1.9.0/context.go:971
go-chat/internal/api/base.HandleValidatorError(0x0?, {0x175d040?, 0xc00008a4e0})
	D:/workspace/go/src/go-chat/internal/api/base/base.go:29 +0x1fe
go-chat/internal/api/v1.email.SendEmail({}, 0xc0001ba500)
	D:/workspace/go/src/go-chat/internal/api/v1/email.go:68 +0x11c
github.com/gin-gonic/gin.(*Context).Next(...)
	C:/GOPATH/pkg/mod/github.com/gin-gonic/gin@v1.9.0/context.go:174
go-chat/internal/middleware.Recovery.func1(0xc0001ba500)
	D:/workspace/go/src/go-chat/internal/middleware/recovery.go:89 +0x88
github.com/gin-gonic/gin.(*Context).Next(...)
	C:/GOPATH/pkg/mod/github.com/gin-gonic/gin@v1.9.0/context.go:174
github.com/gin-gonic/gin.(*Engine).handleHTTPRequest(0xc000684680, 0xc0001ba500)
	C:/GOPATH/pkg/mod/github.com/gin-gonic/gin@v1.9.0/gin.go:620 +0x671
github.com/gin-gonic/gin.(*Engine).ServeHTTP(0xc000684680, {0x1761a30?, 0xc00039c0e0}, 0xc0001ba400)
	C:/GOPATH/pkg/mod/github.com/gin-gonic/gin@v1.9.0/gin.go:576 +0x1dd
net/http.serverHandler.ServeHTTP({0x1760320?}, {0x1761a30, 0xc00039c0e0}, 0xc0001ba400)
	D:/workspace/go/go1.19.5/src/net/http/server.go:2947 +0x30c
net/http.(*conn).serve(0xc000340000, {0x17626a0, 0xc000486c00})
	D:/workspace/go/go1.19.5/src/net/http/server.go:1991 +0x607
created by net/http.(*Server).Serve
	D:/workspace/go/go1.19.5/src/net/http/server.go:3102 +0x4db
 <nil>}
2023-03-25T13:52:58.493+0800	ERROR	middleware/recovery.go:73	[Recovery from panic]{error 15 0 invalid WriteHeader code 1001 <nil>} {request 15 0 POST /api/v1/email/sendEmail HTTP/1.1
Host: 127.0.0.1:8084
Accept: */*
Accept-Encoding: gzip, deflate, br
Connection: keep-alive
Content-Length: 35
Content-Type: application/json
User-Agent: apifox/1.0.0 (https://www.apifox.cn)

 <nil>} {body 15 0 {
    "email":1197285120qq.com"
} <nil>} {stack 15 0 goroutine 82 [running]:
runtime/debug.Stack()
	D:/workspace/go/go1.19.5/src/runtime/debug/stack.go:24 +0x65
go-chat/internal/middleware.Recovery.func1.1()
	D:/workspace/go/src/go-chat/internal/middleware/recovery.go:77 +0x69e
panic({0x8e2060, 0xc000689930})
	D:/workspace/go/go1.19.5/src/runtime/panic.go:884 +0x212
net/http.checkWriteHeaderCode(...)
	D:/workspace/go/go1.19.5/src/net/http/server.go:1116
net/http.(*response).WriteHeader(0xc0004b6000, 0x3e9)
	D:/workspace/go/go1.19.5/src/net/http/server.go:1150 +0x9db
github.com/gin-gonic/gin.(*responseWriter).WriteHeaderNow(...)
	C:/GOPATH/pkg/mod/github.com/gin-gonic/gin@v1.9.0/response_writer.go:77
github.com/gin-gonic/gin.(*responseWriter).Write(0xc0004a4100, {0xc0004cc0c0?, 0x3b?, 0x40?})
	C:/GOPATH/pkg/mod/github.com/gin-gonic/gin@v1.9.0/response_writer.go:82 +0x54
github.com/gin-gonic/gin/render.WriteJSON({0x1f5787e4958, 0xc0004a4100}, {0x933700, 0xc00049a330})
	C:/GOPATH/pkg/mod/github.com/gin-gonic/gin@v1.9.0/render/json.go:72 +0x91
github.com/gin-gonic/gin/render.JSON.Render(...)
	C:/GOPATH/pkg/mod/github.com/gin-gonic/gin@v1.9.0/render/json.go:57
github.com/gin-gonic/gin.(*Context).Render(0xc0004a4100, 0x3e9, {0xb10d70, 0xc000689860})
	C:/GOPATH/pkg/mod/github.com/gin-gonic/gin@v1.9.0/context.go:926 +0xf8
github.com/gin-gonic/gin.(*Context).JSON(...)
	C:/GOPATH/pkg/mod/github.com/gin-gonic/gin@v1.9.0/context.go:971
go-chat/internal/api/base.HandleValidatorError(0x0?, {0xb0d040?, 0xc0006aa2e8})
	D:/workspace/go/src/go-chat/internal/api/base/base.go:29 +0x1ed
go-chat/internal/api/v1.email.SendEmail({}, 0xc0004a4100)
	D:/workspace/go/src/go-chat/internal/api/v1/email.go:68 +0x11c
github.com/gin-gonic/gin.(*Context).Next(...)
	C:/GOPATH/pkg/mod/github.com/gin-gonic/gin@v1.9.0/context.go:174
go-chat/internal/middleware.Recovery.func1(0xc0004a4100)
	D:/workspace/go/src/go-chat/internal/middleware/recovery.go:89 +0x88
github.com/gin-gonic/gin.(*Context).Next(...)
	C:/GOPATH/pkg/mod/github.com/gin-gonic/gin@v1.9.0/context.go:174
github.com/gin-gonic/gin.(*Engine).handleHTTPRequest(0xc000584ea0, 0xc0004a4100)
	C:/GOPATH/pkg/mod/github.com/gin-gonic/gin@v1.9.0/gin.go:620 +0x671
github.com/gin-gonic/gin.(*Engine).ServeHTTP(0xc000584ea0, {0xb11a30?, 0xc0004b6000}, 0xc0004a4000)
	C:/GOPATH/pkg/mod/github.com/gin-gonic/gin@v1.9.0/gin.go:576 +0x1dd
net/http.serverHandler.ServeHTTP({0xb10320?}, {0xb11a30, 0xc0004b6000}, 0xc0004a4000)
	D:/workspace/go/go1.19.5/src/net/http/server.go:2947 +0x30c
net/http.(*conn).serve(0xc00033e0a0, {0xb126a0, 0xc00049a120})
	D:/workspace/go/go1.19.5/src/net/http/server.go:1991 +0x607
created by net/http.(*Server).Serve
	D:/workspace/go/go1.19.5/src/net/http/server.go:3102 +0x4db
 <nil>}
2023-03-25T13:59:15.951+0800	ERROR	middleware/recovery.go:73	[Recovery from panic]{error 15 0 Undefined validation function ' gte' on field 'Password' <nil>} {request 15 0 POST /api/v1/user/register HTTP/1.1
Host: 127.0.0.1:8084
Accept: */*
Accept-Encoding: gzip, deflate, br
Connection: keep-alive
Content-Length: 148
Content-Type: application/json
User-Agent: apifox/1.0.0 (https://www.apifox.cn)

 <nil>} {body 15 0 {
    "email":"1197285120@qq.com",
    "mobile":"13877777777",
    "password":"123456",
    "rePassword":"123456",
    "email_code":"jmryLT"
} <nil>} {stack 15 0 goroutine 85 [running]:
runtime/debug.Stack()
	D:/workspace/go/go1.19.5/src/runtime/debug/stack.go:24 +0x65
go-chat/internal/middleware.Recovery.func1.1()
	D:/workspace/go/src/go-chat/internal/middleware/recovery.go:77 +0x69e
panic({0xcf2060, 0xc000484410})
	D:/workspace/go/go1.19.5/src/runtime/panic.go:884 +0x212
github.com/go-playground/validator/v10.(*Validate).parseFieldTagsRecursive(0xc0003160e0, {0xce8683?, 0x0?}, {0xce8661, 0x8}, {0x0, 0x0}, 0x0)
	C:/GOPATH/pkg/mod/github.com/go-playground/validator/v10@v10.11.2/cache.go:294 +0xa19
github.com/go-playground/validator/v10.(*Validate).extractStructCache(0xc0003160e0, {0xd90980?, 0xc0004280a0?, 0x0?}, {0xcb4418, 0x8})
	C:/GOPATH/pkg/mod/github.com/go-playground/validator/v10@v10.11.2/cache.go:155 +0x60f
github.com/go-playground/validator/v10.(*validate).validateStruct(0xc0002be360, {0xf22630, 0xc00009e010}, {0xd90980?, 0xc0004280a0?, 0x2030001?}, {0xd90980?, 0xc0004280a0?, 0x0?}, {0xf2bda0, ...}, ...)
	C:/GOPATH/pkg/mod/github.com/go-playground/validator/v10@v10.11.2/validator.go:37 +0x190
github.com/go-playground/validator/v10.(*Validate).StructCtx(0xc0003160e0, {0xf22630, 0xc00009e010}, {0xd90980, 0xc0004280a0?})
	C:/GOPATH/pkg/mod/github.com/go-playground/validator/v10@v10.11.2/validator_instance.go:385 +0x46c
github.com/go-playground/validator/v10.(*Validate).Struct(...)
	C:/GOPATH/pkg/mod/github.com/go-playground/validator/v10@v10.11.2/validator_instance.go:358
github.com/gin-gonic/gin/binding.(*defaultValidator).validateStruct(0x13a08a0, {0xd90980, 0xc0004280a0})
	C:/GOPATH/pkg/mod/github.com/gin-gonic/gin@v1.9.0/binding/default_validator.go:80 +0x4e
github.com/gin-gonic/gin/binding.(*defaultValidator).ValidateStruct(0xd90980?, {0xd90980?, 0xc0004280a0?})
	C:/GOPATH/pkg/mod/github.com/gin-gonic/gin@v1.9.0/binding/default_validator.go:59 +0x189
github.com/gin-gonic/gin/binding.(*defaultValidator).ValidateStruct(0xc00042c000?, {0xcd7ea0?, 0xc000428050?})
	C:/GOPATH/pkg/mod/github.com/gin-gonic/gin@v1.9.0/binding/default_validator.go:57 +0x105
github.com/gin-gonic/gin/binding.validate(...)
	C:/GOPATH/pkg/mod/github.com/gin-gonic/gin@v1.9.0/binding/binding.go:121
github.com/gin-gonic/gin/binding.decodeJSON({0x2bbca573fd8?, 0xc000484300?}, {0xcd7ea0, 0xc000428050})
	C:/GOPATH/pkg/mod/github.com/gin-gonic/gin@v1.9.0/binding/json.go:55 +0x9b
github.com/gin-gonic/gin/binding.jsonBinding.Bind({}, 0xc00042e420?, {0xcd7ea0, 0xc000428050})
	C:/GOPATH/pkg/mod/github.com/gin-gonic/gin@v1.9.0/binding/json.go:37 +0x66
github.com/gin-gonic/gin.(*Context).ShouldBindWith(...)
	C:/GOPATH/pkg/mod/github.com/gin-gonic/gin@v1.9.0/context.go:741
github.com/gin-gonic/gin.(*Context).ShouldBindJSON(...)
	C:/GOPATH/pkg/mod/github.com/gin-gonic/gin@v1.9.0/context.go:701
go-chat/internal/api/v1.user.Register({}, 0xc000076100)
	D:/workspace/go/src/go-chat/internal/api/v1/user.go:38 +0x6f
github.com/gin-gonic/gin.(*Context).Next(...)
	C:/GOPATH/pkg/mod/github.com/gin-gonic/gin@v1.9.0/context.go:174
go-chat/internal/middleware.Recovery.func1(0xc000076100)
	D:/workspace/go/src/go-chat/internal/middleware/recovery.go:89 +0x88
github.com/gin-gonic/gin.(*Context).Next(...)
	C:/GOPATH/pkg/mod/github.com/gin-gonic/gin@v1.9.0/context.go:174
github.com/gin-gonic/gin.(*Engine).handleHTTPRequest(0xc0005844e0, 0xc000076100)
	C:/GOPATH/pkg/mod/github.com/gin-gonic/gin@v1.9.0/gin.go:620 +0x671
github.com/gin-gonic/gin.(*Engine).ServeHTTP(0xc0005844e0, {0xf21a30?, 0xc0003bc0e0}, 0xc0002b0100)
	C:/GOPATH/pkg/mod/github.com/gin-gonic/gin@v1.9.0/gin.go:576 +0x1dd
net/http.serverHandler.ServeHTTP({0xf20320?}, {0xf21a30, 0xc0003bc0e0}, 0xc0002b0100)
	D:/workspace/go/go1.19.5/src/net/http/server.go:2947 +0x30c
net/http.(*conn).serve(0xc0004440a0, {0xf226a0, 0xc00042e180})
	D:/workspace/go/go1.19.5/src/net/http/server.go:1991 +0x607
created by net/http.(*Server).Serve
	D:/workspace/go/go1.19.5/src/net/http/server.go:3102 +0x4db
 <nil>}
2023-03-25T14:02:39.919+0800	ERROR	middleware/recovery.go:73	[Recovery from panic]{error 15 0 Undefined validation function 'equals' on field 'RePassword' <nil>} {request 15 0 POST /api/v1/user/register HTTP/1.1
Host: 127.0.0.1:8084
Accept: */*
Accept-Encoding: gzip, deflate, br
Connection: keep-alive
Content-Length: 148
Content-Type: application/json
User-Agent: apifox/1.0.0 (https://www.apifox.cn)

 <nil>} {body 15 0 {
    "email":"1197285120@qq.com",
    "mobile":"13877777777",
    "password":"123456",
    "rePassword":"123456",
    "email_code":"jmryLT"
} <nil>} {stack 15 0 goroutine 16 [running]:
runtime/debug.Stack()
	D:/workspace/go/go1.19.5/src/runtime/debug/stack.go:24 +0x65
go-chat/internal/middleware.Recovery.func1.1()
	D:/workspace/go/src/go-chat/internal/middleware/recovery.go:77 +0x69e
panic({0x14f2040, 0xc000104d70})
	D:/workspace/go/go1.19.5/src/runtime/panic.go:884 +0x212
github.com/go-playground/validator/v10.(*Validate).parseFieldTagsRecursive(0xc0001dc070, {0x14f2775?, 0x0?}, {0x14f274f, 0xa}, {0x0, 0x0}, 0x0)
	C:/GOPATH/pkg/mod/github.com/go-playground/validator/v10@v10.11.2/cache.go:294 +0xa19
github.com/go-playground/validator/v10.(*Validate).extractStructCache(0xc0001dc070, {0x1590960?, 0xc0001005a0?, 0x0?}, {0x14b4418, 0x8})
	C:/GOPATH/pkg/mod/github.com/go-playground/validator/v10@v10.11.2/cache.go:155 +0x60f
github.com/go-playground/validator/v10.(*validate).validateStruct(0xc0001570e0, {0x1722610, 0xc00011a010}, {0x1590960?, 0xc0001005a0?, 0x2030000?}, {0x1590960?, 0xc0001005a0?, 0x0?}, {0x172bd80, ...}, ...)
	C:/GOPATH/pkg/mod/github.com/go-playground/validator/v10@v10.11.2/validator.go:37 +0x190
github.com/go-playground/validator/v10.(*Validate).StructCtx(0xc0001dc070, {0x1722610, 0xc00011a010}, {0x1590960, 0xc0001005a0?})
	C:/GOPATH/pkg/mod/github.com/go-playground/validator/v10@v10.11.2/validator_instance.go:385 +0x46c
github.com/go-playground/validator/v10.(*Validate).Struct(...)
	C:/GOPATH/pkg/mod/github.com/go-playground/validator/v10@v10.11.2/validator_instance.go:358
github.com/gin-gonic/gin/binding.(*defaultValidator).validateStruct(0x1ba08a0, {0x1590960, 0xc0001005a0})
	C:/GOPATH/pkg/mod/github.com/gin-gonic/gin@v1.9.0/binding/default_validator.go:80 +0x4e
github.com/gin-gonic/gin/binding.(*defaultValidator).ValidateStruct(0x1590960?, {0x1590960?, 0xc0001005a0?})
	C:/GOPATH/pkg/mod/github.com/gin-gonic/gin@v1.9.0/binding/default_validator.go:59 +0x189
github.com/gin-gonic/gin/binding.(*defaultValidator).ValidateStruct(0xc0001148c0?, {0x14d7ec0?, 0xc000100550?})
	C:/GOPATH/pkg/mod/github.com/gin-gonic/gin@v1.9.0/binding/default_validator.go:57 +0x105
github.com/gin-gonic/gin/binding.validate(...)
	C:/GOPATH/pkg/mod/github.com/gin-gonic/gin@v1.9.0/binding/binding.go:121
github.com/gin-gonic/gin/binding.decodeJSON({0x1d3e03d9298?, 0xc00041ff60?}, {0x14d7ec0, 0xc000100550})
	C:/GOPATH/pkg/mod/github.com/gin-gonic/gin@v1.9.0/binding/json.go:55 +0x9b
github.com/gin-gonic/gin/binding.jsonBinding.Bind({}, 0xc0000a2b70?, {0x14d7ec0, 0xc000100550})
	C:/GOPATH/pkg/mod/github.com/gin-gonic/gin@v1.9.0/binding/json.go:37 +0x66
github.com/gin-gonic/gin.(*Context).ShouldBindWith(...)
	C:/GOPATH/pkg/mod/github.com/gin-gonic/gin@v1.9.0/context.go:741
github.com/gin-gonic/gin.(*Context).ShouldBindJSON(...)
	C:/GOPATH/pkg/mod/github.com/gin-gonic/gin@v1.9.0/context.go:701
go-chat/internal/api/v1.user.Register({}, 0xc0000a6b00)
	D:/workspace/go/src/go-chat/internal/api/v1/user.go:38 +0x6f
github.com/gin-gonic/gin.(*Context).Next(...)
	C:/GOPATH/pkg/mod/github.com/gin-gonic/gin@v1.9.0/context.go:174
go-chat/internal/middleware.Recovery.func1(0xc0000a6b00)
	D:/workspace/go/src/go-chat/internal/middleware/recovery.go:89 +0x88
github.com/gin-gonic/gin.(*Context).Next(...)
	C:/GOPATH/pkg/mod/github.com/gin-gonic/gin@v1.9.0/context.go:174
github.com/gin-gonic/gin.(*Engine).handleHTTPRequest(0xc000485a00, 0xc0000a6b00)
	C:/GOPATH/pkg/mod/github.com/gin-gonic/gin@v1.9.0/gin.go:620 +0x671
github.com/gin-gonic/gin.(*Engine).ServeHTTP(0xc000485a00, {0x1721a10?, 0xc0000a42a0}, 0xc0000a6a00)
	C:/GOPATH/pkg/mod/github.com/gin-gonic/gin@v1.9.0/gin.go:576 +0x1dd
net/http.serverHandler.ServeHTTP({0x1720300?}, {0x1721a10, 0xc0000a42a0}, 0xc0000a6a00)
	D:/workspace/go/go1.19.5/src/net/http/server.go:2947 +0x30c
net/http.(*conn).serve(0xc0002a8a00, {0x1722680, 0xc0000a29c0})
	D:/workspace/go/go1.19.5/src/net/http/server.go:1991 +0x607
created by net/http.(*Server).Serve
	D:/workspace/go/go1.19.5/src/net/http/server.go:3102 +0x4db
 <nil>}
2023-03-28T23:12:34.058+0800	ERROR	middleware/recovery.go:73	[Recovery from panic]{error 26 0  runtime error: invalid memory address or nil pointer dereference} {request 15 0 OPTIONS /api/v1/email/sendEmail HTTP/1.1
Host: 192.168.1.122:8084
Accept: */*
Accept-Encoding: gzip, deflate
Accept-Language: zh-CN,zh;q=0.9,en;q=0.8,en-GB;q=0.7,en-US;q=0.6
Access-Control-Request-Headers: content-type
Access-Control-Request-Method: POST
Connection: keep-alive
Origin: http://localhost:8082
Referer: http://localhost:8082/
Sec-Fetch-Mode: cors
User-Agent: Mozilla/5.0 (Windows NT 10.0; Win64; x64) AppleWebKit/537.36 (KHTML, like Gecko) Chrome/111.0.0.0 Safari/537.36 Edg/111.0.1661.54

 <nil>} {body 15 0  <nil>} {stack 15 0 goroutine 36 [running]:
runtime/debug.Stack()
	D:/workspace/go/go1.19.5/src/runtime/debug/stack.go:24 +0x65
go-chat/internal/middleware.Recovery.func1.1()
	D:/workspace/go/src/go-chat/internal/middleware/recovery.go:77 +0x69e
panic({0x15cffc0, 0x24fd740})
	D:/workspace/go/go1.19.5/src/runtime/panic.go:884 +0x212
go-chat/internal/middleware.Auth.func1(0xc000417500)
	D:/workspace/go/src/go-chat/internal/middleware/auth.go:39 +0x15b
github.com/gin-gonic/gin.(*Context).Next(...)
	C:/GOPATH/pkg/mod/github.com/gin-gonic/gin@v1.9.0/context.go:174
go-chat/internal/middleware.Recovery.func1(0xc000417500)
	D:/workspace/go/src/go-chat/internal/middleware/recovery.go:89 +0x88
github.com/gin-gonic/gin.(*Context).Next(...)
	C:/GOPATH/pkg/mod/github.com/gin-gonic/gin@v1.9.0/context.go:174
github.com/gin-gonic/gin.serveError(0xc000417500, 0x194, {0x1c87500, 0x12, 0x12})
	C:/GOPATH/pkg/mod/github.com/gin-gonic/gin@v1.9.0/gin.go:656 +0x4d
github.com/gin-gonic/gin.(*Engine).handleHTTPRequest(0xc000584ea0, 0xc000417500)
	C:/GOPATH/pkg/mod/github.com/gin-gonic/gin@v1.9.0/gin.go:649 +0x485
github.com/gin-gonic/gin.(*Engine).ServeHTTP(0xc000584ea0, {0x1800eb0?, 0xc00037c540}, 0xc000417400)
	C:/GOPATH/pkg/mod/github.com/gin-gonic/gin@v1.9.0/gin.go:576 +0x1dd
net/http.serverHandler.ServeHTTP({0xc00058cd80?}, {0x1800eb0, 0xc00037c540}, 0xc000417400)
	D:/workspace/go/go1.19.5/src/net/http/server.go:2947 +0x30c
net/http.(*conn).serve(0xc00037a0a0, {0x1801bc0, 0xc000506540})
	D:/workspace/go/go1.19.5/src/net/http/server.go:1991 +0x607
created by net/http.(*Server).Serve
	D:/workspace/go/go1.19.5/src/net/http/server.go:3102 +0x4db
 <nil>}
2023-03-28T23:12:34.966+0800	ERROR	middleware/recovery.go:73	[Recovery from panic]{error 26 0  runtime error: invalid memory address or nil pointer dereference} {request 15 0 POST /api/v1/email/sendEmail HTTP/1.1
Host: 192.168.1.122:8084
Accept: application/json, text/plain, */*
Accept-Encoding: gzip, deflate
Accept-Language: zh-CN,zh;q=0.9,en;q=0.8,en-GB;q=0.7,en-US;q=0.6
Connection: keep-alive
Content-Length: 29
Content-Type: application/json
Origin: http://localhost:8082
Referer: http://localhost:8082/
User-Agent: Mozilla/5.0 (Windows NT 10.0; Win64; x64) AppleWebKit/537.36 (KHTML, like Gecko) Chrome/111.0.0.0 Safari/537.36 Edg/111.0.1661.54

 <nil>} {body 15 0 {"email":"1197285120@qq.com"} <nil>} {stack 15 0 goroutine 36 [running]:
runtime/debug.Stack()
	D:/workspace/go/go1.19.5/src/runtime/debug/stack.go:24 +0x65
go-chat/internal/middleware.Recovery.func1.1()
	D:/workspace/go/src/go-chat/internal/middleware/recovery.go:77 +0x69e
panic({0x15cffc0, 0x24fd740})
	D:/workspace/go/go1.19.5/src/runtime/panic.go:884 +0x212
go-chat/internal/middleware.Auth.func1(0xc000417500)
	D:/workspace/go/src/go-chat/internal/middleware/auth.go:39 +0x15b
github.com/gin-gonic/gin.(*Context).Next(...)
	C:/GOPATH/pkg/mod/github.com/gin-gonic/gin@v1.9.0/context.go:174
go-chat/internal/middleware.Cors.func1(0xc000417500)
	D:/workspace/go/src/go-chat/internal/middleware/cors.go:42 +0x1a2
github.com/gin-gonic/gin.(*Context).Next(...)
	C:/GOPATH/pkg/mod/github.com/gin-gonic/gin@v1.9.0/context.go:174
go-chat/internal/middleware.Recovery.func1(0xc000417500)
	D:/workspace/go/src/go-chat/internal/middleware/recovery.go:89 +0x88
github.com/gin-gonic/gin.(*Context).Next(...)
	C:/GOPATH/pkg/mod/github.com/gin-gonic/gin@v1.9.0/context.go:174
github.com/gin-gonic/gin.(*Engine).handleHTTPRequest(0xc000584ea0, 0xc000417500)
	C:/GOPATH/pkg/mod/github.com/gin-gonic/gin@v1.9.0/gin.go:620 +0x671
github.com/gin-gonic/gin.(*Engine).ServeHTTP(0xc000584ea0, {0x1800eb0?, 0xc000f862a0}, 0xc0004c0400)
	C:/GOPATH/pkg/mod/github.com/gin-gonic/gin@v1.9.0/gin.go:576 +0x1dd
net/http.serverHandler.ServeHTTP({0x17fed88?}, {0x1800eb0, 0xc000f862a0}, 0xc0004c0400)
	D:/workspace/go/go1.19.5/src/net/http/server.go:2947 +0x30c
net/http.(*conn).serve(0xc00037a0a0, {0x1801bc0, 0xc000506540})
	D:/workspace/go/go1.19.5/src/net/http/server.go:1991 +0x607
created by net/http.(*Server).Serve
	D:/workspace/go/go1.19.5/src/net/http/server.go:3102 +0x4db
 <nil>}
2023-03-28T23:16:34.004+0800	ERROR	middleware/recovery.go:73	[Recovery from panic]{error 26 0  runtime error: invalid memory address or nil pointer dereference} {request 15 0 OPTIONS /api/v1/email/sendEmail HTTP/1.1
Host: 192.168.1.122:8084
Accept: */*
Accept-Encoding: gzip, deflate
Accept-Language: zh-CN,zh;q=0.9,en;q=0.8,en-GB;q=0.7,en-US;q=0.6
Access-Control-Request-Headers: content-type
Access-Control-Request-Method: POST
Connection: keep-alive
Origin: http://localhost:8082
Referer: http://localhost:8082/
Sec-Fetch-Mode: cors
User-Agent: Mozilla/5.0 (Windows NT 10.0; Win64; x64) AppleWebKit/537.36 (KHTML, like Gecko) Chrome/111.0.0.0 Safari/537.36 Edg/111.0.1661.54

 <nil>} {body 15 0  <nil>} {stack 15 0 goroutine 37 [running]:
runtime/debug.Stack()
	D:/workspace/go/go1.19.5/src/runtime/debug/stack.go:24 +0x65
go-chat/internal/middleware.Recovery.func1.1()
	D:/workspace/go/src/go-chat/internal/middleware/recovery.go:77 +0x69e
panic({0x15cffc0, 0x24fd740})
	D:/workspace/go/go1.19.5/src/runtime/panic.go:884 +0x212
go-chat/internal/middleware.Auth.func1(0xc0004c0100)
	D:/workspace/go/src/go-chat/internal/middleware/auth.go:39 +0x15b
github.com/gin-gonic/gin.(*Context).Next(...)
	C:/GOPATH/pkg/mod/github.com/gin-gonic/gin@v1.9.0/context.go:174
go-chat/internal/middleware.Recovery.func1(0xc0004c0100)
	D:/workspace/go/src/go-chat/internal/middleware/recovery.go:89 +0x88
github.com/gin-gonic/gin.(*Context).Next(...)
	C:/GOPATH/pkg/mod/github.com/gin-gonic/gin@v1.9.0/context.go:174
github.com/gin-gonic/gin.serveError(0xc0004c0100, 0x194, {0x1c87500, 0x12, 0x12})
	C:/GOPATH/pkg/mod/github.com/gin-gonic/gin@v1.9.0/gin.go:656 +0x4d
github.com/gin-gonic/gin.(*Engine).handleHTTPRequest(0xc000584ea0, 0xc0004c0100)
	C:/GOPATH/pkg/mod/github.com/gin-gonic/gin@v1.9.0/gin.go:649 +0x485
github.com/gin-gonic/gin.(*Engine).ServeHTTP(0xc000584ea0, {0x1800eb0?, 0xc000f86000}, 0xc0004c0000)
	C:/GOPATH/pkg/mod/github.com/gin-gonic/gin@v1.9.0/gin.go:576 +0x1dd
net/http.serverHandler.ServeHTTP({0xc000506630?}, {0x1800eb0, 0xc000f86000}, 0xc0004c0000)
	D:/workspace/go/go1.19.5/src/net/http/server.go:2947 +0x30c
net/http.(*conn).serve(0xc00037a320, {0x1801bc0, 0xc000506540})
	D:/workspace/go/go1.19.5/src/net/http/server.go:1991 +0x607
created by net/http.(*Server).Serve
	D:/workspace/go/go1.19.5/src/net/http/server.go:3102 +0x4db
 <nil>}
2023-03-28T23:16:34.916+0800	ERROR	middleware/recovery.go:73	[Recovery from panic]{error 26 0  runtime error: invalid memory address or nil pointer dereference} {request 15 0 POST /api/v1/email/sendEmail HTTP/1.1
Host: 192.168.1.122:8084
Accept: application/json, text/plain, */*
Accept-Encoding: gzip, deflate
Accept-Language: zh-CN,zh;q=0.9,en;q=0.8,en-GB;q=0.7,en-US;q=0.6
Connection: keep-alive
Content-Length: 29
Content-Type: application/json
Origin: http://localhost:8082
Referer: http://localhost:8082/
User-Agent: Mozilla/5.0 (Windows NT 10.0; Win64; x64) AppleWebKit/537.36 (KHTML, like Gecko) Chrome/111.0.0.0 Safari/537.36 Edg/111.0.1661.54

 <nil>} {body 15 0 {"email":"1197285120@qq.com"} <nil>} {stack 15 0 goroutine 37 [running]:
runtime/debug.Stack()
	D:/workspace/go/go1.19.5/src/runtime/debug/stack.go:24 +0x65
go-chat/internal/middleware.Recovery.func1.1()
	D:/workspace/go/src/go-chat/internal/middleware/recovery.go:77 +0x69e
panic({0x15cffc0, 0x24fd740})
	D:/workspace/go/go1.19.5/src/runtime/panic.go:884 +0x212
go-chat/internal/middleware.Auth.func1(0xc000416300)
	D:/workspace/go/src/go-chat/internal/middleware/auth.go:39 +0x15b
github.com/gin-gonic/gin.(*Context).Next(...)
	C:/GOPATH/pkg/mod/github.com/gin-gonic/gin@v1.9.0/context.go:174
go-chat/internal/middleware.Cors.func1(0xc000416300)
	D:/workspace/go/src/go-chat/internal/middleware/cors.go:42 +0x1a2
github.com/gin-gonic/gin.(*Context).Next(...)
	C:/GOPATH/pkg/mod/github.com/gin-gonic/gin@v1.9.0/context.go:174
go-chat/internal/middleware.Recovery.func1(0xc000416300)
	D:/workspace/go/src/go-chat/internal/middleware/recovery.go:89 +0x88
github.com/gin-gonic/gin.(*Context).Next(...)
	C:/GOPATH/pkg/mod/github.com/gin-gonic/gin@v1.9.0/context.go:174
github.com/gin-gonic/gin.(*Engine).handleHTTPRequest(0xc000584ea0, 0xc000416300)
	C:/GOPATH/pkg/mod/github.com/gin-gonic/gin@v1.9.0/gin.go:620 +0x671
github.com/gin-gonic/gin.(*Engine).ServeHTTP(0xc000584ea0, {0x1800eb0?, 0xc00037c0e0}, 0xc000416100)
	C:/GOPATH/pkg/mod/github.com/gin-gonic/gin@v1.9.0/gin.go:576 +0x1dd
net/http.serverHandler.ServeHTTP({0x17fed88?}, {0x1800eb0, 0xc00037c0e0}, 0xc000416100)
	D:/workspace/go/go1.19.5/src/net/http/server.go:2947 +0x30c
net/http.(*conn).serve(0xc00037a320, {0x1801bc0, 0xc000506540})
	D:/workspace/go/go1.19.5/src/net/http/server.go:1991 +0x607
created by net/http.(*Server).Serve
	D:/workspace/go/go1.19.5/src/net/http/server.go:3102 +0x4db
 <nil>}
2023-03-28T23:16:42.568+0800	ERROR	middleware/recovery.go:73	[Recovery from panic]{error 26 0  runtime error: invalid memory address or nil pointer dereference} {request 15 0 OPTIONS /api/v1/user/login HTTP/1.1
Host: 192.168.1.122:8084
Accept: */*
Accept-Encoding: gzip, deflate
Accept-Language: zh-CN,zh;q=0.9,en;q=0.8,en-GB;q=0.7,en-US;q=0.6
Access-Control-Request-Headers: content-type
Access-Control-Request-Method: POST
Connection: keep-alive
Origin: http://localhost:8082
Referer: http://localhost:8082/
Sec-Fetch-Mode: cors
User-Agent: Mozilla/5.0 (Windows NT 10.0; Win64; x64) AppleWebKit/537.36 (KHTML, like Gecko) Chrome/111.0.0.0 Safari/537.36 Edg/111.0.1661.54

 <nil>} {body 15 0  <nil>} {stack 15 0 goroutine 69 [running]:
runtime/debug.Stack()
	D:/workspace/go/go1.19.5/src/runtime/debug/stack.go:24 +0x65
go-chat/internal/middleware.Recovery.func1.1()
	D:/workspace/go/src/go-chat/internal/middleware/recovery.go:77 +0x69e
panic({0x15cffc0, 0x24fd740})
	D:/workspace/go/go1.19.5/src/runtime/panic.go:884 +0x212
go-chat/internal/middleware.Auth.func1(0xc0004c0100)
	D:/workspace/go/src/go-chat/internal/middleware/auth.go:39 +0x15b
github.com/gin-gonic/gin.(*Context).Next(...)
	C:/GOPATH/pkg/mod/github.com/gin-gonic/gin@v1.9.0/context.go:174
go-chat/internal/middleware.Recovery.func1(0xc0004c0100)
	D:/workspace/go/src/go-chat/internal/middleware/recovery.go:89 +0x88
github.com/gin-gonic/gin.(*Context).Next(...)
	C:/GOPATH/pkg/mod/github.com/gin-gonic/gin@v1.9.0/context.go:174
github.com/gin-gonic/gin.serveError(0xc0004c0100, 0x194, {0x1c87500, 0x12, 0x12})
	C:/GOPATH/pkg/mod/github.com/gin-gonic/gin@v1.9.0/gin.go:656 +0x4d
github.com/gin-gonic/gin.(*Engine).handleHTTPRequest(0xc000584ea0, 0xc0004c0100)
	C:/GOPATH/pkg/mod/github.com/gin-gonic/gin@v1.9.0/gin.go:649 +0x485
github.com/gin-gonic/gin.(*Engine).ServeHTTP(0xc000584ea0, {0x1800eb0?, 0xc000f86620}, 0xc0004c0600)
	C:/GOPATH/pkg/mod/github.com/gin-gonic/gin@v1.9.0/gin.go:576 +0x1dd
net/http.serverHandler.ServeHTTP({0xc0003e98c0?}, {0x1800eb0, 0xc000f86620}, 0xc0004c0600)
	D:/workspace/go/go1.19.5/src/net/http/server.go:2947 +0x30c
net/http.(*conn).serve(0xc000348960, {0x1801bc0, 0xc000506540})
	D:/workspace/go/go1.19.5/src/net/http/server.go:1991 +0x607
created by net/http.(*Server).Serve
	D:/workspace/go/go1.19.5/src/net/http/server.go:3102 +0x4db
 <nil>}
2023-03-28T23:16:43.529+0800	ERROR	middleware/recovery.go:73	[Recovery from panic]{error 26 0  runtime error: invalid memory address or nil pointer dereference} {request 15 0 POST /api/v1/user/login HTTP/1.1
Host: 192.168.1.122:8084
Accept: application/json, text/plain, */*
Accept-Encoding: gzip, deflate
Accept-Language: zh-CN,zh;q=0.9,en;q=0.8,en-GB;q=0.7,en-US;q=0.6
Connection: keep-alive
Content-Length: 77
Content-Type: application/json
Origin: http://localhost:8082
Referer: http://localhost:8082/
User-Agent: Mozilla/5.0 (Windows NT 10.0; Win64; x64) AppleWebKit/537.36 (KHTML, like Gecko) Chrome/111.0.0.0 Safari/537.36 Edg/111.0.1661.54

 <nil>} {body 15 0 {"email":"1197285120@qq.com","password":"123456","loginType":2,"testCode":""} <nil>} {stack 15 0 goroutine 69 [running]:
runtime/debug.Stack()
	D:/workspace/go/go1.19.5/src/runtime/debug/stack.go:24 +0x65
go-chat/internal/middleware.Recovery.func1.1()
	D:/workspace/go/src/go-chat/internal/middleware/recovery.go:77 +0x69e
panic({0x15cffc0, 0x24fd740})
	D:/workspace/go/go1.19.5/src/runtime/panic.go:884 +0x212
go-chat/internal/middleware.Auth.func1(0xc000416300)
	D:/workspace/go/src/go-chat/internal/middleware/auth.go:39 +0x15b
github.com/gin-gonic/gin.(*Context).Next(...)
	C:/GOPATH/pkg/mod/github.com/gin-gonic/gin@v1.9.0/context.go:174
go-chat/internal/middleware.Cors.func1(0xc000416300)
	D:/workspace/go/src/go-chat/internal/middleware/cors.go:42 +0x1a2
github.com/gin-gonic/gin.(*Context).Next(...)
	C:/GOPATH/pkg/mod/github.com/gin-gonic/gin@v1.9.0/context.go:174
go-chat/internal/middleware.Recovery.func1(0xc000416300)
	D:/workspace/go/src/go-chat/internal/middleware/recovery.go:89 +0x88
github.com/gin-gonic/gin.(*Context).Next(...)
	C:/GOPATH/pkg/mod/github.com/gin-gonic/gin@v1.9.0/context.go:174
github.com/gin-gonic/gin.serveError(0xc000416300, 0x194, {0x1c87500, 0x12, 0x12})
	C:/GOPATH/pkg/mod/github.com/gin-gonic/gin@v1.9.0/gin.go:656 +0x4d
github.com/gin-gonic/gin.(*Engine).handleHTTPRequest(0xc000584ea0, 0xc000416300)
	C:/GOPATH/pkg/mod/github.com/gin-gonic/gin@v1.9.0/gin.go:649 +0x485
github.com/gin-gonic/gin.(*Engine).ServeHTTP(0xc000584ea0, {0x1800eb0?, 0xc000438000}, 0xc000432000)
	C:/GOPATH/pkg/mod/github.com/gin-gonic/gin@v1.9.0/gin.go:576 +0x1dd
net/http.serverHandler.ServeHTTP({0x17fed88?}, {0x1800eb0, 0xc000438000}, 0xc000432000)
	D:/workspace/go/go1.19.5/src/net/http/server.go:2947 +0x30c
net/http.(*conn).serve(0xc000348960, {0x1801bc0, 0xc000506540})
	D:/workspace/go/go1.19.5/src/net/http/server.go:1991 +0x607
created by net/http.(*Server).Serve
	D:/workspace/go/go1.19.5/src/net/http/server.go:3102 +0x4db
 <nil>}
2023-03-29T13:07:21.573+0800	ERROR	middleware/recovery.go:73	[Recovery from panic]{error 26 0  runtime error: invalid memory address or nil pointer dereference} {request 15 0 POST /api/v1/login HTTP/1.1
Host: 127.0.0.1:8084
Accept: */*
Accept-Encoding: gzip, deflate, br
Connection: keep-alive
Content-Length: 83
Content-Type: application/json
User-Agent: apifox/1.0.0 (https://www.apifox.cn)

 <nil>} {body 15 0 {
    "email":"1197285120@qq.com",
    "password":"123456",
    "loginType":2
} <nil>} {stack 15 0 goroutine 63 [running]:
runtime/debug.Stack()
	D:/workspace/go/go1.19.5/src/runtime/debug/stack.go:24 +0x65
go-chat/internal/middleware.Recovery.func1.1()
	D:/workspace/go/src/go-chat/internal/middleware/recovery.go:77 +0x69e
panic({0x12effc0, 0x221d740})
	D:/workspace/go/go1.19.5/src/runtime/panic.go:884 +0x212
go-chat/internal/middleware.Auth.func1(0xc0003e4100)
	D:/workspace/go/src/go-chat/internal/middleware/auth.go:39 +0x15b
github.com/gin-gonic/gin.(*Context).Next(...)
	C:/GOPATH/pkg/mod/github.com/gin-gonic/gin@v1.9.0/context.go:174
go-chat/internal/middleware.Cors.func1(0xc0003e4100)
	D:/workspace/go/src/go-chat/internal/middleware/cors.go:42 +0x1a2
github.com/gin-gonic/gin.(*Context).Next(...)
	C:/GOPATH/pkg/mod/github.com/gin-gonic/gin@v1.9.0/context.go:174
go-chat/internal/middleware.Recovery.func1(0xc0003e4100)
	D:/workspace/go/src/go-chat/internal/middleware/recovery.go:89 +0x88
github.com/gin-gonic/gin.(*Context).Next(...)
	C:/GOPATH/pkg/mod/github.com/gin-gonic/gin@v1.9.0/context.go:174
github.com/gin-gonic/gin.(*Engine).handleHTTPRequest(0xc00041b040, 0xc0003e4100)
	C:/GOPATH/pkg/mod/github.com/gin-gonic/gin@v1.9.0/gin.go:620 +0x671
github.com/gin-gonic/gin.(*Engine).ServeHTTP(0xc00041b040, {0x1520eb0?, 0xc0003f4000}, 0xc0003e4000)
	C:/GOPATH/pkg/mod/github.com/gin-gonic/gin@v1.9.0/gin.go:576 +0x1dd
net/http.serverHandler.ServeHTTP({0x151ed88?}, {0x1520eb0, 0xc0003f4000}, 0xc0003e4000)
	D:/workspace/go/go1.19.5/src/net/http/server.go:2947 +0x30c
net/http.(*conn).serve(0xc0006fac80, {0x1521bc0, 0xc0002ad530})
	D:/workspace/go/go1.19.5/src/net/http/server.go:1991 +0x607
created by net/http.(*Server).Serve
	D:/workspace/go/go1.19.5/src/net/http/server.go:3102 +0x4db
 <nil>}
2023-03-29T14:20:27.811+0800	ERROR	middleware/recovery.go:73	[Recovery from panic]{error 26 0  runtime error: invalid memory address or nil pointer dereference} {request 15 0 POST /api/v1/user/modifyPassword HTTP/1.1
Host: 192.168.1.122:8084
Accept: application/json, text/plain, */*
Accept-Encoding: gzip, deflate
Accept-Language: zh-CN,zh;q=0.9,en;q=0.8,en-GB;q=0.7,en-US;q=0.6
Connection: keep-alive
Content-Length: 43
Content-Type: application/json
Origin: http://localhost:8080
Referer: http://localhost:8080/
User-Agent: Mozilla/5.0 (Windows NT 10.0; Win64; x64) AppleWebKit/537.36 (KHTML, like Gecko) Chrome/111.0.0.0 Safari/537.36 Edg/111.0.1661.54

 <nil>} {body 15 0 {"password":"111111","email_code":"COmDiP"} <nil>} {stack 15 0 goroutine 163 [running]:
runtime/debug.Stack()
	D:/workspace/go/go1.19.5/src/runtime/debug/stack.go:24 +0x65
go-chat/internal/middleware.Recovery.func1.1()
	D:/workspace/go/src/go-chat/internal/middleware/recovery.go:77 +0x69e
panic({0x85ffc0, 0x178d6c0})
	D:/workspace/go/go1.19.5/src/runtime/panic.go:884 +0x212
go-chat/internal/middleware.Auth.func1(0xc0000a4400)
	D:/workspace/go/src/go-chat/internal/middleware/auth.go:39 +0x15b
github.com/gin-gonic/gin.(*Context).Next(...)
	C:/GOPATH/pkg/mod/github.com/gin-gonic/gin@v1.9.0/context.go:174
go-chat/internal/middleware.Cors.func1(0xc0000a4400)
	D:/workspace/go/src/go-chat/internal/middleware/cors.go:42 +0x1a2
github.com/gin-gonic/gin.(*Context).Next(...)
	C:/GOPATH/pkg/mod/github.com/gin-gonic/gin@v1.9.0/context.go:174
go-chat/internal/middleware.Recovery.func1(0xc0000a4400)
	D:/workspace/go/src/go-chat/internal/middleware/recovery.go:89 +0x88
github.com/gin-gonic/gin.(*Context).Next(...)
	C:/GOPATH/pkg/mod/github.com/gin-gonic/gin@v1.9.0/context.go:174
github.com/gin-gonic/gin.(*Engine).handleHTTPRequest(0xc0003dbd40, 0xc0000a4400)
	C:/GOPATH/pkg/mod/github.com/gin-gonic/gin@v1.9.0/gin.go:620 +0x671
github.com/gin-gonic/gin.(*Engine).ServeHTTP(0xc0003dbd40, {0xa90ed0?, 0xc00015a0e0}, 0xc0000a4500)
	C:/GOPATH/pkg/mod/github.com/gin-gonic/gin@v1.9.0/gin.go:576 +0x1dd
net/http.serverHandler.ServeHTTP({0xa8eda8?}, {0xa90ed0, 0xc00015a0e0}, 0xc0000a4500)
	D:/workspace/go/go1.19.5/src/net/http/server.go:2947 +0x30c
net/http.(*conn).serve(0xc0006661e0, {0xa91be0, 0xc0002e3140})
	D:/workspace/go/go1.19.5/src/net/http/server.go:1991 +0x607
created by net/http.(*Server).Serve
	D:/workspace/go/go1.19.5/src/net/http/server.go:3102 +0x4db
 <nil>}
2023-04-01T16:39:15.914+0800	ERROR	middleware/recovery.go:48	mail.SendMail Error: 535 Login Fail. Please enter your authorization code to login. More information in http://service.mail.qq.com/cgi-bin/help?subtype=1&&id=28&&no=1001256
2023-04-01T16:39:15.915+0800	ERROR	middleware/recovery.go:73	[Recovery from panic]{error 26 0  interface conversion: interface {} is nil, not *model.Content} {request 15 0 POST /api/v1/account/createAccount HTTP/1.1
Host: 127.0.0.1:8084
Accept: */*
Accept-Encoding: gzip, deflate, br
Connection: keep-alive
Content-Length: 64
Content-Type: application/json
User-Agent: apifox/1.0.0 (https://www.apifox.cn)
X-Token: v2.local.SM5yYQv7tzTkANHwn5N0aL8gWwP36ukHpZREbiT3V1WKc-ebYS0sxznWSNfx8_44b1lFDlvTjzAaRtw2O9lawEJYbl701V_5f7-BPav6RZ2qRec0ZuN2Dd3vaEOo4scAsSf0VdHFwTifF6pCQkMku8qoy0Ckc5zL2SHKcRufauwS_SGRnJx2mcGOeUOSpDNhaL-OToLXBFwvwv3MqOKa91qH_WOfsKa-vskl2Y5yBnUhFtmVQb7wDOX-ifX3YIM9BPWgbqImFKBhXDr4Q_9XHQlVNR_xcabj55q1mMudHbRb.bnVsbA

 <nil>} {body 15 0 {
    "name":"xjx",
    "avatar":"1231233",
    "gender":0
} <nil>} {stack 15 0 goroutine 37 [running]:
runtime/debug.Stack()
	D:/workspace/go/go1.19.5/src/runtime/debug/stack.go:24 +0x65
go-chat/internal/middleware.Recovery.func1.1()
	D:/workspace/go/src/go-chat/internal/middleware/recovery.go:77 +0x69e
panic({0x118d420, 0xc000348870})
	D:/workspace/go/go1.19.5/src/runtime/panic.go:884 +0x212
go-chat/internal/middleware.GetContent(...)
	D:/workspace/go/src/go-chat/internal/middleware/auth.go:24
go-chat/internal/middleware.AuthMustUser.func1(0xc0000ae400)
	D:/workspace/go/src/go-chat/internal/middleware/auth.go:55 +0x214
github.com/gin-gonic/gin.(*Context).Next(...)
	C:/GOPATH/pkg/mod/github.com/gin-gonic/gin@v1.9.0/context.go:174
go-chat/internal/middleware.Cors.func1(0xc0000ae400)
	D:/workspace/go/src/go-chat/internal/middleware/cors.go:42 +0x1a2
github.com/gin-gonic/gin.(*Context).Next(...)
	C:/GOPATH/pkg/mod/github.com/gin-gonic/gin@v1.9.0/context.go:174
go-chat/internal/middleware.Recovery.func1(0xc0000ae400)
	D:/workspace/go/src/go-chat/internal/middleware/recovery.go:89 +0x88
github.com/gin-gonic/gin.(*Context).Next(...)
	C:/GOPATH/pkg/mod/github.com/gin-gonic/gin@v1.9.0/context.go:174
github.com/gin-gonic/gin.(*Engine).handleHTTPRequest(0xc0003ecd00, 0xc0000ae400)
	C:/GOPATH/pkg/mod/github.com/gin-gonic/gin@v1.9.0/gin.go:620 +0x671
github.com/gin-gonic/gin.(*Engine).ServeHTTP(0xc0003ecd00, {0x13ba370?, 0xc0003b21c0}, 0xc0000ae100)
	C:/GOPATH/pkg/mod/github.com/gin-gonic/gin@v1.9.0/gin.go:576 +0x1dd
net/http.serverHandler.ServeHTTP({0x13b8248?}, {0x13ba370, 0xc0003b21c0}, 0xc0000ae100)
	D:/workspace/go/go1.19.5/src/net/http/server.go:2947 +0x30c
net/http.(*conn).serve(0xc0000000a0, {0x13bb080, 0xc000348270})
	D:/workspace/go/go1.19.5/src/net/http/server.go:1991 +0x607
created by net/http.(*Server).Serve
	D:/workspace/go/go1.19.5/src/net/http/server.go:3102 +0x4db
 <nil>}
2023-04-01T16:40:50.195+0800	ERROR	middleware/recovery.go:48	mail.SendMail Error: 535 Login Fail. Please enter your authorization code to login. More information in http://service.mail.qq.com/cgi-bin/help?subtype=1&&id=28&&no=1001256
2023-04-01T16:40:50.195+0800	ERROR	middleware/recovery.go:73	[Recovery from panic]{error 26 0  interface conversion: interface {} is nil, not *model.Content} {request 15 0 POST /api/v1/account/createAccount HTTP/1.1
Host: 127.0.0.1:8084
Accept: */*
Accept-Encoding: gzip, deflate, br
Connection: keep-alive
Content-Length: 64
Content-Type: application/json
User-Agent: apifox/1.0.0 (https://www.apifox.cn)
X-Token: v2.local.SM5yYQv7tzTkANHwn5N0aL8gWwP36ukHpZREbiT3V1WKc-ebYS0sxznWSNfx8_44b1lFDlvTjzAaRtw2O9lawEJYbl701V_5f7-BPav6RZ2qRec0ZuN2Dd3vaEOo4scAsSf0VdHFwTifF6pCQkMku8qoy0Ckc5zL2SHKcRufauwS_SGRnJx2mcGOeUOSpDNhaL-OToLXBFwvwv3MqOKa91qH_WOfsKa-vskl2Y5yBnUhFtmVQb7wDOX-ifX3YIM9BPWgbqImFKBhXDr4Q_9XHQlVNR_xcabj55q1mMudHbRb.bnVsbA

 <nil>} {body 15 0 {
    "name":"xjx",
    "avatar":"1231233",
    "gender":0
} <nil>} {stack 15 0 goroutine 10 [running]:
runtime/debug.Stack()
	D:/workspace/go/go1.19.5/src/runtime/debug/stack.go:24 +0x7a
go-chat/internal/middleware.Recovery.func1.1()
	D:/workspace/go/src/go-chat/internal/middleware/recovery.go:77 +0xdd4
panic({0xd12700, 0xc0006a21b0})
	D:/workspace/go/go1.19.5/src/runtime/panic.go:890 +0x267
go-chat/internal/middleware.GetContent(0xc0006a8100)
	D:/workspace/go/src/go-chat/internal/middleware/auth.go:24 +0xcd
go-chat/internal/middleware.AuthMustUser.func1(0xc0006a8100)
	D:/workspace/go/src/go-chat/internal/middleware/auth.go:55 +0x4e
github.com/gin-gonic/gin.(*Context).Next(0xc0006a8100)
	C:/GOPATH/pkg/mod/github.com/gin-gonic/gin@v1.9.0/context.go:174 +0x7d
go-chat/internal/middleware.Cors.func1(0xc0006a8100)
	D:/workspace/go/src/go-chat/internal/middleware/cors.go:42 +0x249
github.com/gin-gonic/gin.(*Context).Next(0xc0006a8100)
	C:/GOPATH/pkg/mod/github.com/gin-gonic/gin@v1.9.0/context.go:174 +0x7d
go-chat/internal/middleware.Recovery.func1(0xc0006a8100)
	D:/workspace/go/src/go-chat/internal/middleware/recovery.go:89 +0xbe
github.com/gin-gonic/gin.(*Context).Next(0xc0006a8100)
	C:/GOPATH/pkg/mod/github.com/gin-gonic/gin@v1.9.0/context.go:174 +0x7d
github.com/gin-gonic/gin.(*Engine).handleHTTPRequest(0xc000461ba0, 0xc0006a8100)
	C:/GOPATH/pkg/mod/github.com/gin-gonic/gin@v1.9.0/gin.go:620 +0x434
github.com/gin-gonic/gin.(*Engine).ServeHTTP(0xc000461ba0, {0xeb1f58, 0xc0006be000}, 0xc0006a8000)
	C:/GOPATH/pkg/mod/github.com/gin-gonic/gin@v1.9.0/gin.go:576 +0xc5
net/http.serverHandler.ServeHTTP({0xc000110870}, {0xeb1f58, 0xc0006be000}, 0xc0006a8000)
	D:/workspace/go/go1.19.5/src/net/http/server.go:2947 +0x474
net/http.(*conn).serve(0xc0004fe000, {0xeb2c30, 0xc000268000})
	D:/workspace/go/go1.19.5/src/net/http/server.go:1991 +0x195c
created by net/http.(*Server).Serve
	D:/workspace/go/go1.19.5/src/net/http/server.go:3102 +0x9e5
 <nil>}
2023-04-01T16:41:31.657+0800	ERROR	middleware/recovery.go:48	mail.SendMail Error: 535 Login Fail. Please enter your authorization code to login. More information in http://service.mail.qq.com/cgi-bin/help?subtype=1&&id=28&&no=1001256
2023-04-01T16:41:31.658+0800	ERROR	middleware/recovery.go:73	[Recovery from panic]{error 26 0  interface conversion: interface {} is nil, not *model.Content} {request 15 0 POST /api/v1/account/createAccount HTTP/1.1
Host: 127.0.0.1:8084
Accept: */*
Accept-Encoding: gzip, deflate, br
Connection: keep-alive
Content-Length: 64
Content-Type: application/json
User-Agent: apifox/1.0.0 (https://www.apifox.cn)
X-Token: v2.local.SM5yYQv7tzTkANHwn5N0aL8gWwP36ukHpZREbiT3V1WKc-ebYS0sxznWSNfx8_44b1lFDlvTjzAaRtw2O9lawEJYbl701V_5f7-BPav6RZ2qRec0ZuN2Dd3vaEOo4scAsSf0VdHFwTifF6pCQkMku8qoy0Ckc5zL2SHKcRufauwS_SGRnJx2mcGOeUOSpDNhaL-OToLXBFwvwv3MqOKa91qH_WOfsKa-vskl2Y5yBnUhFtmVQb7wDOX-ifX3YIM9BPWgbqImFKBhXDr4Q_9XHQlVNR_xcabj55q1mMudHbRb.bnVsbA

 <nil>} {body 15 0 {
    "name":"xjx",
    "avatar":"1231233",
    "gender":0
} <nil>} {stack 15 0 goroutine 20 [running]:
runtime/debug.Stack()
	D:/workspace/go/go1.19.5/src/runtime/debug/stack.go:24 +0x7a
go-chat/internal/middleware.Recovery.func1.1()
	D:/workspace/go/src/go-chat/internal/middleware/recovery.go:77 +0xdd4
panic({0xf32700, 0xc0004aa120})
	D:/workspace/go/go1.19.5/src/runtime/panic.go:890 +0x267
go-chat/internal/middleware.GetContent(0xc0004c6000)
	D:/workspace/go/src/go-chat/internal/middleware/auth.go:24 +0xcd
go-chat/internal/middleware.AuthMustUser.func1(0xc0004c6000)
	D:/workspace/go/src/go-chat/internal/middleware/auth.go:55 +0x4e
github.com/gin-gonic/gin.(*Context).Next(0xc0004c6000)
	C:/GOPATH/pkg/mod/github.com/gin-gonic/gin@v1.9.0/context.go:174 +0x7d
go-chat/internal/middleware.Cors.func1(0xc0004c6000)
	D:/workspace/go/src/go-chat/internal/middleware/cors.go:42 +0x249
github.com/gin-gonic/gin.(*Context).Next(0xc0004c6000)
	C:/GOPATH/pkg/mod/github.com/gin-gonic/gin@v1.9.0/context.go:174 +0x7d
go-chat/internal/middleware.Recovery.func1(0xc0004c6000)
	D:/workspace/go/src/go-chat/internal/middleware/recovery.go:89 +0xbe
github.com/gin-gonic/gin.(*Context).Next(0xc0004c6000)
	C:/GOPATH/pkg/mod/github.com/gin-gonic/gin@v1.9.0/context.go:174 +0x7d
github.com/gin-gonic/gin.(*Engine).handleHTTPRequest(0xc0004844e0, 0xc0004c6000)
	C:/GOPATH/pkg/mod/github.com/gin-gonic/gin@v1.9.0/gin.go:620 +0x434
github.com/gin-gonic/gin.(*Engine).ServeHTTP(0xc0004844e0, {0x10d1f58, 0xc0004be000}, 0xc00007b500)
	C:/GOPATH/pkg/mod/github.com/gin-gonic/gin@v1.9.0/gin.go:576 +0xc5
net/http.serverHandler.ServeHTTP({0xc0003b2000}, {0x10d1f58, 0xc0004be000}, 0xc00007b500)
	D:/workspace/go/go1.19.5/src/net/http/server.go:2947 +0x474
net/http.(*conn).serve(0xc000250000, {0x10d2c30, 0xc00026e040})
	D:/workspace/go/go1.19.5/src/net/http/server.go:1991 +0x195c
created by net/http.(*Server).Serve
	D:/workspace/go/go1.19.5/src/net/http/server.go:3102 +0x9e5
 <nil>}
2023-04-01T16:43:35.943+0800	ERROR	middleware/recovery.go:73	[Recovery from panic]{error 26 0  interface conversion: interface {} is nil, not *model.Content} {request 15 0 POST /api/v1/account/createAccount HTTP/1.1
Host: 127.0.0.1:8084
Accept: */*
Accept-Encoding: gzip, deflate, br
Connection: keep-alive
Content-Length: 64
Content-Type: application/json
User-Agent: apifox/1.0.0 (https://www.apifox.cn)
X-Token: v2.local.SM5yYQv7tzTkANHwn5N0aL8gWwP36ukHpZREbiT3V1WKc-ebYS0sxznWSNfx8_44b1lFDlvTjzAaRtw2O9lawEJYbl701V_5f7-BPav6RZ2qRec0ZuN2Dd3vaEOo4scAsSf0VdHFwTifF6pCQkMku8qoy0Ckc5zL2SHKcRufauwS_SGRnJx2mcGOeUOSpDNhaL-OToLXBFwvwv3MqOKa91qH_WOfsKa-vskl2Y5yBnUhFtmVQb7wDOX-ifX3YIM9BPWgbqImFKBhXDr4Q_9XHQlVNR_xcabj55q1mMudHbRb.bnVsbA

 <nil>} {body 15 0 {
    "name":"xjx",
    "avatar":"1231233",
    "gender":0
} <nil>} {stack 15 0 goroutine 22 [running]:
runtime/debug.Stack()
	D:/workspace/go/go1.19.5/src/runtime/debug/stack.go:24 +0x65
go-chat/internal/middleware.Recovery.func1.1()
	D:/workspace/go/src/go-chat/internal/middleware/recovery.go:77 +0x69e
panic({0xb0d420, 0xc0002aebd0})
	D:/workspace/go/go1.19.5/src/runtime/panic.go:884 +0x212
go-chat/internal/middleware.GetContent(...)
	D:/workspace/go/src/go-chat/internal/middleware/auth.go:24
go-chat/internal/middleware.AuthMustUser.func1(0xc000411600)
	D:/workspace/go/src/go-chat/internal/middleware/auth.go:55 +0x214
github.com/gin-gonic/gin.(*Context).Next(...)
	C:/GOPATH/pkg/mod/github.com/gin-gonic/gin@v1.9.0/context.go:174
go-chat/internal/middleware.Cors.func1(0xc000411600)
	D:/workspace/go/src/go-chat/internal/middleware/cors.go:42 +0x1a2
github.com/gin-gonic/gin.(*Context).Next(...)
	C:/GOPATH/pkg/mod/github.com/gin-gonic/gin@v1.9.0/context.go:174
go-chat/internal/middleware.Recovery.func1(0xc000411600)
	D:/workspace/go/src/go-chat/internal/middleware/recovery.go:89 +0x88
github.com/gin-gonic/gin.(*Context).Next(...)
	C:/GOPATH/pkg/mod/github.com/gin-gonic/gin@v1.9.0/context.go:174
github.com/gin-gonic/gin.(*Engine).handleHTTPRequest(0xc000584680, 0xc000411600)
	C:/GOPATH/pkg/mod/github.com/gin-gonic/gin@v1.9.0/gin.go:620 +0x671
github.com/gin-gonic/gin.(*Engine).ServeHTTP(0xc000584680, {0xd3a370?, 0xc0003b6620}, 0xc000411500)
	C:/GOPATH/pkg/mod/github.com/gin-gonic/gin@v1.9.0/gin.go:576 +0x1dd
net/http.serverHandler.ServeHTTP({0xd38248?}, {0xd3a370, 0xc0003b6620}, 0xc000411500)
	D:/workspace/go/go1.19.5/src/net/http/server.go:2947 +0x30c
net/http.(*conn).serve(0xc0003a41e0, {0xd3b080, 0xc000448210})
	D:/workspace/go/go1.19.5/src/net/http/server.go:1991 +0x607
created by net/http.(*Server).Serve
	D:/workspace/go/go1.19.5/src/net/http/server.go:3102 +0x4db
 <nil>}
2023-04-01T16:44:23.646+0800	ERROR	middleware/recovery.go:73	[Recovery from panic]{error 26 0  interface conversion: interface {} is nil, not *model.Content} {request 15 0 POST /api/v1/account/createAccount HTTP/1.1
Host: 127.0.0.1:8084
Accept: */*
Accept-Encoding: gzip, deflate, br
Connection: keep-alive
Content-Length: 64
Content-Type: application/json
User-Agent: apifox/1.0.0 (https://www.apifox.cn)
X-Token: v2.local.SM5yYQv7tzTkANHwn5N0aL8gWwP36ukHpZREbiT3V1WKc-ebYS0sxznWSNfx8_44b1lFDlvTjzAaRtw2O9lawEJYbl701V_5f7-BPav6RZ2qRec0ZuN2Dd3vaEOo4scAsSf0VdHFwTifF6pCQkMku8qoy0Ckc5zL2SHKcRufauwS_SGRnJx2mcGOeUOSpDNhaL-OToLXBFwvwv3MqOKa91qH_WOfsKa-vskl2Y5yBnUhFtmVQb7wDOX-ifX3YIM9BPWgbqImFKBhXDr4Q_9XHQlVNR_xcabj55q1mMudHbRb.bnVsbA

 <nil>} {body 15 0 {
    "name":"xjx",
    "avatar":"1231233",
    "gender":0
} <nil>} {stack 15 0 goroutine 72 [running]:
runtime/debug.Stack()
	D:/workspace/go/go1.19.5/src/runtime/debug/stack.go:24 +0x65
go-chat/internal/middleware.Recovery.func1.1()
	D:/workspace/go/src/go-chat/internal/middleware/recovery.go:77 +0x69e
panic({0xb0d420, 0xc000448510})
	D:/workspace/go/go1.19.5/src/runtime/panic.go:884 +0x212
go-chat/internal/middleware.GetContent(...)
	D:/workspace/go/src/go-chat/internal/middleware/auth.go:24
go-chat/internal/middleware.AuthMustUser.func1(0xc000466100)
	D:/workspace/go/src/go-chat/internal/middleware/auth.go:55 +0x214
github.com/gin-gonic/gin.(*Context).Next(...)
	C:/GOPATH/pkg/mod/github.com/gin-gonic/gin@v1.9.0/context.go:174
go-chat/internal/middleware.Cors.func1(0xc000466100)
	D:/workspace/go/src/go-chat/internal/middleware/cors.go:42 +0x1a2
github.com/gin-gonic/gin.(*Context).Next(...)
	C:/GOPATH/pkg/mod/github.com/gin-gonic/gin@v1.9.0/context.go:174
go-chat/internal/middleware.Recovery.func1(0xc000466100)
	D:/workspace/go/src/go-chat/internal/middleware/recovery.go:89 +0x88
github.com/gin-gonic/gin.(*Context).Next(...)
	C:/GOPATH/pkg/mod/github.com/gin-gonic/gin@v1.9.0/context.go:174
github.com/gin-gonic/gin.(*Engine).handleHTTPRequest(0xc000584680, 0xc000466100)
	C:/GOPATH/pkg/mod/github.com/gin-gonic/gin@v1.9.0/gin.go:620 +0x671
github.com/gin-gonic/gin.(*Engine).ServeHTTP(0xc000584680, {0xd3a370?, 0xc00046c000}, 0xc000466000)
	C:/GOPATH/pkg/mod/github.com/gin-gonic/gin@v1.9.0/gin.go:576 +0x1dd
net/http.serverHandler.ServeHTTP({0xd38248?}, {0xd3a370, 0xc00046c000}, 0xc000466000)
	D:/workspace/go/go1.19.5/src/net/http/server.go:2947 +0x30c
net/http.(*conn).serve(0xc00038d7c0, {0xd3b080, 0xc000448210})
	D:/workspace/go/go1.19.5/src/net/http/server.go:1991 +0x607
created by net/http.(*Server).Serve
	D:/workspace/go/go1.19.5/src/net/http/server.go:3102 +0x4db
 <nil>}
2023-04-01T16:45:28.293+0800	ERROR	middleware/recovery.go:73	[Recovery from panic]{error 26 0  interface conversion: interface {} is nil, not *model.Content} {request 15 0 POST /api/v1/account/createAccount HTTP/1.1
Host: 127.0.0.1:8084
Accept: */*
Accept-Encoding: gzip, deflate, br
Connection: keep-alive
Content-Length: 64
Content-Type: application/json
User-Agent: apifox/1.0.0 (https://www.apifox.cn)
X-Token: v2.local.SM5yYQv7tzTkANHwn5N0aL8gWwP36ukHpZREbiT3V1WKc-ebYS0sxznWSNfx8_44b1lFDlvTjzAaRtw2O9lawEJYbl701V_5f7-BPav6RZ2qRec0ZuN2Dd3vaEOo4scAsSf0VdHFwTifF6pCQkMku8qoy0Ckc5zL2SHKcRufauwS_SGRnJx2mcGOeUOSpDNhaL-OToLXBFwvwv3MqOKa91qH_WOfsKa-vskl2Y5yBnUhFtmVQb7wDOX-ifX3YIM9BPWgbqImFKBhXDr4Q_9XHQlVNR_xcabj55q1mMudHbRb.bnVsbA

 <nil>} {body 15 0 {
    "name":"xjx",
    "avatar":"1231233",
    "gender":0
} <nil>} {stack 15 0 goroutine 82 [running]:
runtime/debug.Stack()
	D:/workspace/go/go1.19.5/src/runtime/debug/stack.go:24 +0x7a
go-chat/internal/middleware.Recovery.func1.1()
	D:/workspace/go/src/go-chat/internal/middleware/recovery.go:77 +0xdd4
panic({0x1142700, 0xc0003dc1e0})
	D:/workspace/go/go1.19.5/src/runtime/panic.go:890 +0x267
go-chat/internal/middleware.GetContent(0xc000524200)
	D:/workspace/go/src/go-chat/internal/middleware/auth.go:24 +0xcd
go-chat/internal/middleware.AuthMustUser.func1(0xc000524200)
	D:/workspace/go/src/go-chat/internal/middleware/auth.go:55 +0x4e
github.com/gin-gonic/gin.(*Context).Next(0xc000524200)
	C:/GOPATH/pkg/mod/github.com/gin-gonic/gin@v1.9.0/context.go:174 +0x7d
go-chat/internal/middleware.Cors.func1(0xc000524200)
	D:/workspace/go/src/go-chat/internal/middleware/cors.go:42 +0x249
github.com/gin-gonic/gin.(*Context).Next(0xc000524200)
	C:/GOPATH/pkg/mod/github.com/gin-gonic/gin@v1.9.0/context.go:174 +0x7d
go-chat/internal/middleware.Recovery.func1(0xc000524200)
	D:/workspace/go/src/go-chat/internal/middleware/recovery.go:89 +0xbe
github.com/gin-gonic/gin.(*Context).Next(0xc000524200)
	C:/GOPATH/pkg/mod/github.com/gin-gonic/gin@v1.9.0/context.go:174 +0x7d
github.com/gin-gonic/gin.(*Engine).handleHTTPRequest(0xc0005844e0, 0xc000524200)
	C:/GOPATH/pkg/mod/github.com/gin-gonic/gin@v1.9.0/gin.go:620 +0x434
github.com/gin-gonic/gin.(*Engine).ServeHTTP(0xc0005844e0, {0x12e1f58, 0xc00037a1c0}, 0xc000524100)
	C:/GOPATH/pkg/mod/github.com/gin-gonic/gin@v1.9.0/gin.go:576 +0xc5
net/http.serverHandler.ServeHTTP({0xc00040c000}, {0x12e1f58, 0xc00037a1c0}, 0xc000524100)
	D:/workspace/go/go1.19.5/src/net/http/server.go:2947 +0x474
net/http.(*conn).serve(0xc00022e6e0, {0x12e2c30, 0xc000702040})
	D:/workspace/go/go1.19.5/src/net/http/server.go:1991 +0x195c
created by net/http.(*Server).Serve
	D:/workspace/go/go1.19.5/src/net/http/server.go:3102 +0x9e5
 <nil>}
2023-04-01T16:52:24.456+0800	ERROR	middleware/recovery.go:73	[Recovery from panic]{error 15 0 Invalid validation tag on field 'Gender' <nil>} {request 15 0 POST /api/v1/account/createAccount HTTP/1.1
Host: 127.0.0.1:8084
Accept: */*
Accept-Encoding: gzip, deflate, br
Connection: keep-alive
Content-Length: 64
Content-Type: application/json
User-Agent: apifox/1.0.0 (https://www.apifox.cn)
X-Token: v2.local.SM5yYQv7tzTkANHwn5N0aL8gWwP36ukHpZREbiT3V1WKc-ebYS0sxznWSNfx8_44b1lFDlvTjzAaRtw2O9lawEJYbl701V_5f7-BPav6RZ2qRec0ZuN2Dd3vaEOo4scAsSf0VdHFwTifF6pCQkMku8qoy0Ckc5zL2SHKcRufauwS_SGRnJx2mcGOeUOSpDNhaL-OToLXBFwvwv3MqOKa91qH_WOfsKa-vskl2Y5yBnUhFtmVQb7wDOX-ifX3YIM9BPWgbqImFKBhXDr4Q_9XHQlVNR_xcabj55q1mMudHbRb.bnVsbA

 <nil>} {body 15 0 {
    "name":"lyf",
    "avatar":"1231233",
    "gender":1
} <nil>} {stack 15 0 goroutine 12 [running]:
runtime/debug.Stack()
	D:/workspace/go/go1.19.5/src/runtime/debug/stack.go:24 +0x65
go-chat/internal/middleware.Recovery.func1.1()
	D:/workspace/go/src/go-chat/internal/middleware/recovery.go:77 +0x69e
panic({0x10064e0, 0xc0003eae10})
	D:/workspace/go/go1.19.5/src/runtime/panic.go:884 +0x212
github.com/go-playground/validator/v10.(*Validate).parseFieldTagsRecursive(0xc000588e00, {0xfe074a?, 0x0?}, {0xfe072c, 0x6}, {0x0, 0x0}, 0x0)
	C:/GOPATH/pkg/mod/github.com/go-playground/validator/v10@v10.11.2/cache.go:287 +0xa88
github.com/go-playground/validator/v10.(*Validate).extractStructCache(0xc000588e00, {0x10bbee0?, 0xc000594440?, 0x0?}, {0xfcf569, 0x10})
	C:/GOPATH/pkg/mod/github.com/go-playground/validator/v10@v10.11.2/cache.go:155 +0x60f
github.com/go-playground/validator/v10.(*validate).validateStruct(0xc0004725a0, {0x127b010, 0xc000030070}, {0x10bbee0?, 0xc000594440?, 0x2030001?}, {0x10bbee0?, 0xc000594440?, 0x0?}, {0x1285730, ...}, ...)
	C:/GOPATH/pkg/mod/github.com/go-playground/validator/v10@v10.11.2/validator.go:37 +0x190
github.com/go-playground/validator/v10.(*Validate).StructCtx(0xc000588e00, {0x127b010, 0xc000030070}, {0x10bbee0, 0xc000594440?})
	C:/GOPATH/pkg/mod/github.com/go-playground/validator/v10@v10.11.2/validator_instance.go:385 +0x46c
github.com/go-playground/validator/v10.(*Validate).Struct(...)
	C:/GOPATH/pkg/mod/github.com/go-playground/validator/v10@v10.11.2/validator_instance.go:358
github.com/gin-gonic/gin/binding.(*defaultValidator).validateStruct(0x1f92a40, {0x10bbee0, 0xc000594440})
	C:/GOPATH/pkg/mod/github.com/gin-gonic/gin@v1.9.0/binding/default_validator.go:80 +0x4e
github.com/gin-gonic/gin/binding.(*defaultValidator).ValidateStruct(0x10bbee0?, {0x10bbee0?, 0xc000594440?})
	C:/GOPATH/pkg/mod/github.com/gin-gonic/gin@v1.9.0/binding/default_validator.go:59 +0x189
github.com/gin-gonic/gin/binding.(*defaultValidator).ValidateStruct(0xc0005b4000?, {0xfe88a0?, 0xc000594400?})
	C:/GOPATH/pkg/mod/github.com/gin-gonic/gin@v1.9.0/binding/default_validator.go:57 +0x105
github.com/gin-gonic/gin/binding.validate(...)
	C:/GOPATH/pkg/mod/github.com/gin-gonic/gin@v1.9.0/binding/binding.go:121
github.com/gin-gonic/gin/binding.decodeJSON({0x2195abf0468?, 0xc0003ea070?}, {0xfe88a0, 0xc000594400})
	C:/GOPATH/pkg/mod/github.com/gin-gonic/gin@v1.9.0/binding/json.go:55 +0x9b
github.com/gin-gonic/gin/binding.jsonBinding.Bind({}, 0x2?, {0xfe88a0, 0xc000594400})
	C:/GOPATH/pkg/mod/github.com/gin-gonic/gin@v1.9.0/binding/json.go:37 +0x66
github.com/gin-gonic/gin.(*Context).ShouldBindWith(...)
	C:/GOPATH/pkg/mod/github.com/gin-gonic/gin@v1.9.0/context.go:741
github.com/gin-gonic/gin.(*Context).ShouldBindJSON(...)
	C:/GOPATH/pkg/mod/github.com/gin-gonic/gin@v1.9.0/context.go:701
go-chat/internal/api/v1.account.CreateAccount({}, 0xc000468100)
	D:/workspace/go/src/go-chat/internal/api/v1/account.go:38 +0x75
github.com/gin-gonic/gin.(*Context).Next(...)
	C:/GOPATH/pkg/mod/github.com/gin-gonic/gin@v1.9.0/context.go:174
go-chat/internal/middleware.AuthMustUser.func1(0xc000468100)
	D:/workspace/go/src/go-chat/internal/middleware/auth.go:74 +0x1c4
github.com/gin-gonic/gin.(*Context).Next(...)
	C:/GOPATH/pkg/mod/github.com/gin-gonic/gin@v1.9.0/context.go:174
go-chat/internal/middleware.Auth.func1(0xc000468100)
	D:/workspace/go/src/go-chat/internal/middleware/auth.go:48 +0x2e2
github.com/gin-gonic/gin.(*Context).Next(...)
	C:/GOPATH/pkg/mod/github.com/gin-gonic/gin@v1.9.0/context.go:174
go-chat/internal/middleware.Cors.func1(0xc000468100)
	D:/workspace/go/src/go-chat/internal/middleware/cors.go:42 +0x1a2
github.com/gin-gonic/gin.(*Context).Next(...)
	C:/GOPATH/pkg/mod/github.com/gin-gonic/gin@v1.9.0/context.go:174
go-chat/internal/middleware.Recovery.func1(0xc000468100)
	D:/workspace/go/src/go-chat/internal/middleware/recovery.go:89 +0x88
github.com/gin-gonic/gin.(*Context).Next(...)
	C:/GOPATH/pkg/mod/github.com/gin-gonic/gin@v1.9.0/context.go:174
github.com/gin-gonic/gin.(*Engine).handleHTTPRequest(0xc000605040, 0xc000468100)
	C:/GOPATH/pkg/mod/github.com/gin-gonic/gin@v1.9.0/gin.go:620 +0x671
github.com/gin-gonic/gin.(*Engine).ServeHTTP(0xc000605040, {0x127a370?, 0xc00047e000}, 0xc000468000)
	C:/GOPATH/pkg/mod/github.com/gin-gonic/gin@v1.9.0/gin.go:576 +0x1dd
net/http.serverHandler.ServeHTTP({0x1278248?}, {0x127a370, 0xc00047e000}, 0xc000468000)
	D:/workspace/go/go1.19.5/src/net/http/server.go:2947 +0x30c
net/http.(*conn).serve(0xc0005b3c20, {0x127b080, 0xc000223080})
	D:/workspace/go/go1.19.5/src/net/http/server.go:1991 +0x607
created by net/http.(*Server).Serve
	D:/workspace/go/go1.19.5/src/net/http/server.go:3102 +0x4db
 <nil>}
2023-04-01T17:47:39.497+0800	ERROR	middleware/recovery.go:73	[Recovery from panic]{error 26 0  runtime error: invalid memory address or nil pointer dereference} {request 15 0 GET /api/v1/account/infos/user/1 HTTP/1.1
Host: 127.0.0.1:8084
Accept: */*
Accept-Encoding: gzip, deflate, br
Connection: keep-alive
User-Agent: apifox/1.0.0 (https://www.apifox.cn)

 <nil>} {body 15 0  <nil>} {stack 15 0 goroutine 73 [running]:
runtime/debug.Stack()
	D:/workspace/go/go1.19.5/src/runtime/debug/stack.go:24 +0x65
go-chat/internal/middleware.Recovery.func1.1()
	D:/workspace/go/src/go-chat/internal/middleware/recovery.go:77 +0x69e
panic({0x9157a0, 0x1849890})
	D:/workspace/go/go1.19.5/src/runtime/panic.go:884 +0x212
go-chat/internal/middleware.Auth.func1(0xc000442100)
	D:/workspace/go/src/go-chat/internal/middleware/auth.go:39 +0x15b
github.com/gin-gonic/gin.(*Context).Next(...)
	C:/GOPATH/pkg/mod/github.com/gin-gonic/gin@v1.9.0/context.go:174
go-chat/internal/middleware.Cors.func1(0xc000442100)
	D:/workspace/go/src/go-chat/internal/middleware/cors.go:42 +0x1a2
github.com/gin-gonic/gin.(*Context).Next(...)
	C:/GOPATH/pkg/mod/github.com/gin-gonic/gin@v1.9.0/context.go:174
go-chat/internal/middleware.Recovery.func1(0xc000442100)
	D:/workspace/go/src/go-chat/internal/middleware/recovery.go:89 +0x88
github.com/gin-gonic/gin.(*Context).Next(...)
	C:/GOPATH/pkg/mod/github.com/gin-gonic/gin@v1.9.0/context.go:174
github.com/gin-gonic/gin.serveError(0xc000442100, 0x194, {0xfd3500, 0x12, 0x12})
	C:/GOPATH/pkg/mod/github.com/gin-gonic/gin@v1.9.0/gin.go:656 +0x4d
github.com/gin-gonic/gin.(*Engine).handleHTTPRequest(0xc000415d40, 0xc000442100)
	C:/GOPATH/pkg/mod/github.com/gin-gonic/gin@v1.9.0/gin.go:649 +0x485
github.com/gin-gonic/gin.(*Engine).ServeHTTP(0xc000415d40, {0xb4a390?, 0xc000440000}, 0xc000442000)
	C:/GOPATH/pkg/mod/github.com/gin-gonic/gin@v1.9.0/gin.go:576 +0x1dd
net/http.serverHandler.ServeHTTP({0xc000100030?}, {0xb4a390, 0xc000440000}, 0xc000442000)
	D:/workspace/go/go1.19.5/src/net/http/server.go:2947 +0x30c
net/http.(*conn).serve(0xc0000ac320, {0xb4b0a0, 0xc0002f83c0})
	D:/workspace/go/go1.19.5/src/net/http/server.go:1991 +0x607
created by net/http.(*Server).Serve
	D:/workspace/go/go1.19.5/src/net/http/server.go:3102 +0x4db
 <nil>}
2023-04-01T17:57:41.839+0800	ERROR	middleware/recovery.go:73	[Recovery from panic]{error 26 0  runtime error: invalid memory address or nil pointer dereference} {request 15 0 GET /api/v1/account/infos/user HTTP/1.1
Host: 127.0.0.1:8084
Accept: */*
Accept-Encoding: gzip, deflate, br
Connection: keep-alive
User-Agent: apifox/1.0.0 (https://www.apifox.cn)
X-Token: 

 <nil>} {body 15 0  <nil>} {stack 15 0 goroutine 53 [running]:
runtime/debug.Stack()
	D:/workspace/go/go1.19.5/src/runtime/debug/stack.go:24 +0x65
go-chat/internal/middleware.Recovery.func1.1()
	D:/workspace/go/src/go-chat/internal/middleware/recovery.go:77 +0x69e
panic({0x14157a0, 0x2349890})
	D:/workspace/go/go1.19.5/src/runtime/panic.go:884 +0x212
go-chat/internal/middleware.Auth.func1(0xc000320100)
	D:/workspace/go/src/go-chat/internal/middleware/auth.go:39 +0x15b
github.com/gin-gonic/gin.(*Context).Next(...)
	C:/GOPATH/pkg/mod/github.com/gin-gonic/gin@v1.9.0/context.go:174
go-chat/internal/middleware.Cors.func1(0xc000320100)
	D:/workspace/go/src/go-chat/internal/middleware/cors.go:42 +0x1a2
github.com/gin-gonic/gin.(*Context).Next(...)
	C:/GOPATH/pkg/mod/github.com/gin-gonic/gin@v1.9.0/context.go:174
go-chat/internal/middleware.Recovery.func1(0xc000320100)
	D:/workspace/go/src/go-chat/internal/middleware/recovery.go:89 +0x88
github.com/gin-gonic/gin.(*Context).Next(...)
	C:/GOPATH/pkg/mod/github.com/gin-gonic/gin@v1.9.0/context.go:174
github.com/gin-gonic/gin.(*Engine).handleHTTPRequest(0xc0005849c0, 0xc000320100)
	C:/GOPATH/pkg/mod/github.com/gin-gonic/gin@v1.9.0/gin.go:620 +0x671
github.com/gin-gonic/gin.(*Engine).ServeHTTP(0xc0005849c0, {0x164a370?, 0xc000330000}, 0xc000320000)
	C:/GOPATH/pkg/mod/github.com/gin-gonic/gin@v1.9.0/gin.go:576 +0x1dd
net/http.serverHandler.ServeHTTP({0xc0003543f0?}, {0x164a370, 0xc000330000}, 0xc000320000)
	D:/workspace/go/go1.19.5/src/net/http/server.go:2947 +0x30c
net/http.(*conn).serve(0xc000715220, {0x164b080, 0xc0002aa810})
	D:/workspace/go/go1.19.5/src/net/http/server.go:1991 +0x607
created by net/http.(*Server).Serve
	D:/workspace/go/go1.19.5/src/net/http/server.go:3102 +0x4db
 <nil>}
