2023-03-21T09:51:18.998+0800	INFO	logic/email.go:57	send error: %vdial tcp :0: connectex: The requested address is not valid in its context.
2023-03-21T10:00:14.759+0800	INFO	logic/email.go:57	send error: %vdial tcp :0: connectex: The requested address is not valid in its context.
2023-03-21T19:14:50.780+0800	INFO	logic/email.go:62	send error: %vdial tcp :0: connectex: The requested address is not valid in its context.
2023-03-21T19:16:15.655+0800	INFO	logic/email.go:62	send error: dial tcp :0: connectex: The requested address is not valid in its context.
2023-03-21T19:18:23.038+0800	INFO	logic/email.go:58	400
2023-03-21T19:18:23.049+0800	INFO	logic/email.go:59	dial tcp :0: connectex: The requested address is not valid in its context.
2023-03-21T19:18:23.050+0800	INFO	logic/email.go:64	send error: dial tcp :0: connectex: The requested address is not valid in its context.
2023-03-21T19:21:00.267+0800	INFO	email/email.go:91	&{ 0 false   }
2023-03-21T19:21:00.284+0800	INFO	logic/email.go:58	400
2023-03-21T19:21:00.285+0800	INFO	logic/email.go:59	dial tcp :0: connectex: The requested address is not valid in its context.
2023-03-21T19:21:00.285+0800	INFO	logic/email.go:64	send error: dial tcp :0: connectex: The requested address is not valid in its context.
2023-03-21T19:22:26.723+0800	INFO	email/email.go:94	&{ 0 false   }
2023-03-21T19:22:26.734+0800	INFO	logic/email.go:58	400
2023-03-21T19:22:26.734+0800	INFO	logic/email.go:59	dial tcp :0: connectex: The requested address is not valid in its context.
2023-03-21T19:22:26.734+0800	INFO	logic/email.go:64	send error: dial tcp :0: connectex: The requested address is not valid in its context.
2023-03-21T19:23:08.163+0800	INFO	go-chat/main.go:76	{smtp.qq.com 465 true 1197285120@qq.com vwwnlngkludzjecc 1197285120@qq.com [1197285120@qq.com 2224081986@qq.com]}
2023-03-25T13:30:42.770+0800	INFO	v1/email.go:66	ctx.ShouldBindJSON(&reqEmail) failed,error=%vinvalid character '@' after object key:value pair
2023-03-25T13:37:20.114+0800	INFO	v1/email.go:66	ctx.ShouldBindJSON(&reqEmail) failed,error=%vinvalid character '@' after object key:value pair
2023-03-25T13:37:39.009+0800	INFO	v1/email.go:67	ctx.ShouldBindJSON(&reqEmail) failed,error=%vinvalid character '@' after object key:value pair
2023-03-25T13:38:00.923+0800	INFO	v1/email.go:67	ctx.ShouldBindJSON(&reqEmail) failed,error=%vKey: 'SendEmail.email' Error:Field validation for 'email' failed on the 'email' tag
2023-03-25T13:43:14.099+0800	INFO	v1/email.go:67	ctx.ShouldBindJSON(&reqEmail) failed,error=%vinvalid character 'q' after object key:value pair
2023-03-25T13:44:08.706+0800	INFO	v1/email.go:67	ctx.ShouldBindJSON(&reqEmail) failed,error=%vinvalid character 'q' after object key:value pair
2023-03-25T13:44:35.989+0800	INFO	v1/email.go:67	ctx.ShouldBindJSON(&reqEmail) failed,error=%vKey: 'SendEmail.email' Error:Field validation for 'email' failed on the 'email' tag
2023-03-25T13:45:03.755+0800	INFO	v1/email.go:67	ctx.ShouldBindJSON(&reqEmail) failed,error=%vKey: 'SendEmail.email' Error:Field validation for 'email' failed on the 'email' tag
2023-03-25T13:45:04.651+0800	INFO	logic/email.go:59	400
2023-03-25T13:45:04.651+0800	INFO	logic/email.go:60	gomail: could not send email 1: gomail: invalid address "1197285120qq.com": mail: missing '@' or angle-addr
2023-03-25T13:45:04.651+0800	INFO	logic/email.go:65	send error: gomail: could not send email 1: gomail: invalid address "1197285120qq.com": mail: missing '@' or angle-addr
2023-03-25T13:46:40.402+0800	INFO	v1/email.go:67	ctx.ShouldBindJSON(&reqEmail) failed,error=%vinvalid character 'q' after object key:value pair
2023-03-25T13:50:46.668+0800	INFO	v1/email.go:67	ctx.ShouldBindJSON(&reqEmail) failed,error=%vinvalid character 'q' after object key:value pair
2023-03-25T13:51:57.627+0800	INFO	v1/email.go:67	ctx.ShouldBindJSON(&reqEmail) failed,error=%vinvalid character 'q' after object key:value pair
2023-03-25T13:52:57.057+0800	INFO	v1/email.go:67	ctx.ShouldBindJSON(&reqEmail) failed,error=%vinvalid character 'q' after object key:value pair
2023-03-25T13:54:27.089+0800	INFO	v1/email.go:67	ctx.ShouldBindJSON(&reqEmail) failed,error=%vinvalid character 'q' after object key:value pair
2023-03-25T13:54:34.375+0800	INFO	v1/email.go:67	ctx.ShouldBindJSON(&reqEmail) failed,error=%vKey: 'SendEmail.email' Error:Field validation for 'email' failed on the 'email' tag
2023-03-25T14:03:09.636+0800	INFO	v1/user.go:39	ctx.ShouldBindJSON(&reqRegister) failed: %vKey: 'Register.rePassword' Error:Field validation for 'rePassword' failed on the 'eqfield' tag
2023-03-25T14:43:20.877+0800	INFO	v1/user.go:63	ctx.ShouldBindJSON(&reqLogin) failed: %vKey: 'Login.loginType' Error:Field validation for 'loginType' failed on the 'required' tag
2023-03-25T14:43:55.533+0800	INFO	v1/user.go:64	ctx.ShouldBindJSON(&reqLogin) failed: %vKey: 'Login.loginType' Error:Field validation for 'loginType' failed on the 'required' tag
2023-03-25T14:46:52.465+0800	INFO	v1/email.go:67	ctx.ShouldBindJSON(&reqEmail) failed,error=%vKey: 'SendEmail.email' Error:Field validation for 'email' failed on the 'required' tag
2023-03-25T14:47:09.314+0800	INFO	logic/email.go:59	400
2023-03-25T14:47:09.314+0800	INFO	logic/email.go:60	dial tcp: lookup smtp.qq.com: no such host
2023-03-25T14:47:09.315+0800	INFO	logic/email.go:65	send error: dial tcp: lookup smtp.qq.com: no such host
2023-03-25T14:47:39.429+0800	INFO	logic/email.go:59	400
2023-03-25T14:47:39.430+0800	INFO	logic/email.go:60	dial tcp: lookup smtp.qq.com: no such host
2023-03-25T14:47:39.430+0800	INFO	logic/email.go:65	send error: dial tcp: lookup smtp.qq.com: no such host
2023-03-25T14:47:44.469+0800	INFO	logic/email.go:59	400
2023-03-25T14:47:44.469+0800	INFO	logic/email.go:60	dial tcp: lookup smtp.qq.com: no such host
2023-03-25T14:47:44.469+0800	INFO	logic/email.go:65	send error: dial tcp: lookup smtp.qq.com: no such host
2023-03-25T14:47:45.480+0800	INFO	logic/email.go:59	400
2023-03-25T14:47:45.481+0800	INFO	logic/email.go:60	dial tcp: lookup smtp.qq.com: no such host
2023-03-25T14:47:45.481+0800	INFO	logic/email.go:65	send error: dial tcp: lookup smtp.qq.com: no such host
2023-03-25T14:48:07.999+0800	INFO	logic/email.go:59	400
2023-03-25T14:48:08.000+0800	INFO	logic/email.go:60	dial tcp: lookup smtp.qq.com: no such host
2023-03-25T14:48:08.001+0800	INFO	logic/email.go:65	send error: dial tcp: lookup smtp.qq.com: no such host
2023-03-25T17:34:53.163+0800	INFO	logic/user.go:165	quser.ModifyPassword failed,{error 15 0 unsupported data type: map[password:$2a$10$GReKko/ABM/NH3Ql.t/bpeT294rYxYeIV/j7ZXcCbru3YzuCQ/ACq]: Table not set, please set it like: db.Model(&user) or db.Table("users") <nil>}
2023-03-25T17:38:06.930+0800	INFO	logic/user.go:165	quser.ModifyPassword failed,{error 15 0 unsupported data type: map[password:$2a$10$rldpiFWpEmUbNhmXYvxdyOgIvLyqg0cFVsgHiSmP6gEI3r3.ABrQ.]: Table not set, please set it like: db.Model(&user) or db.Table("users") <nil>}
2023-03-25T17:40:38.301+0800	INFO	logic/user.go:153	{userID 11 6  <nil>}
2023-03-25T17:41:29.237+0800	INFO	logic/user.go:153	6
2023-03-25T17:42:01.591+0800	INFO	logic/user.go:153	6
2023-03-25T17:44:08.046+0800	INFO	logic/user.go:153	6
2023-03-25T17:44:08.106+0800	INFO	logic/user.go:166	quser.ModifyPassword failed,{error 15 0 unsupported data type: map[password:$2a$10$V3hnIPpyl8ty4PTLFbbxVe8NiYOkmgz4goR4VD4kfx0kye0r/B8ja]: Table not set, please set it like: db.Model(&user) or db.Table("users") <nil>}
2023-03-25T17:44:45.412+0800	INFO	logic/user.go:153	6
2023-03-25T17:45:07.486+0800	INFO	logic/user.go:153	6
2023-03-25T17:45:07.547+0800	INFO	logic/user.go:166	quser.ModifyPassword failed,{error 15 0 unsupported data type: map[password:$2a$10$KomlkDMSwupAuq0PEbwTSOjs9qbCTMRfmg35scYUmAplDs61rhIXi]: Table not set, please set it like: db.Model(&user) or db.Table("users") <nil>}
2023-03-25T17:46:30.625+0800	INFO	logic/user.go:153	6
2023-03-25T17:47:08.384+0800	INFO	logic/user.go:153	6
2023-03-25T17:58:47.168+0800	INFO	logic/user.go:153	6
2023-03-25T18:00:11.567+0800	INFO	logic/user.go:153	6
2023-03-25T19:06:56.175+0800	INFO	logic/user.go:165	6
2023-03-25T19:07:56.698+0800	INFO	logic/user.go:165	6
2023-03-25T19:09:06.903+0800	INFO	logic/user.go:165	6
2023-03-27T22:21:42.803+0800	INFO	logic/email.go:59	400
2023-03-27T22:21:42.804+0800	INFO	logic/email.go:60	535 Login Fail. Please enter your authorization code to login. More information in http://service.mail.qq.com/cgi-bin/help?subtype=1&&id=28&&no=1001256
2023-03-27T22:21:42.804+0800	INFO	logic/email.go:65	send error: 535 Login Fail. Please enter your authorization code to login. More information in http://service.mail.qq.com/cgi-bin/help?subtype=1&&id=28&&no=1001256
2023-03-27T22:22:02.086+0800	INFO	logic/email.go:59	400
2023-03-27T22:22:02.086+0800	INFO	logic/email.go:60	535 Login Fail. Please enter your authorization code to login. More information in http://service.mail.qq.com/cgi-bin/help?subtype=1&&id=28&&no=1001256
2023-03-27T22:22:02.086+0800	INFO	logic/email.go:65	send error: 535 Login Fail. Please enter your authorization code to login. More information in http://service.mail.qq.com/cgi-bin/help?subtype=1&&id=28&&no=1001256
2023-03-27T22:27:47.351+0800	INFO	logic/email.go:59	400
2023-03-27T22:27:47.352+0800	INFO	logic/email.go:60	535 Login Fail. Please enter your authorization code to login. More information in http://service.mail.qq.com/cgi-bin/help?subtype=1&&id=28&&no=1001256
2023-03-27T22:27:47.352+0800	INFO	logic/email.go:65	send error: 535 Login Fail. Please enter your authorization code to login. More information in http://service.mail.qq.com/cgi-bin/help?subtype=1&&id=28&&no=1001256
2023-03-28T17:22:19.979+0800	INFO	logic/email.go:59	400
2023-03-28T17:22:19.983+0800	INFO	logic/email.go:60	535 Login Fail. Please enter your authorization code to login. More information in http://service.mail.qq.com/cgi-bin/help?subtype=1&&id=28&&no=1001256
2023-03-28T17:22:19.983+0800	INFO	logic/email.go:65	send error: 535 Login Fail. Please enter your authorization code to login. More information in http://service.mail.qq.com/cgi-bin/help?subtype=1&&id=28&&no=1001256
2023-03-28T19:14:50.753+0800	INFO	middleware/auth.go:25	v2.local.UhX1s7w2eWQx9Y7JVN3VkLeVh0gqZctGM7tAOlvPWqJj6ixhLIgzt9GHvGr_feXz0VyI34B_v8NJ95gpKU285m-K0b8l_SR5W3lznWwxlENKsO8-26gvzBd4-9HOOBYe42eH-v94mXgYpND9obLgIqmzIHDqf7CirdgOoynCWvmndF5F3uwJrAYQvNTOagf3F4-X8Bd3MRahqJYVgB9BATjQ8zo_EcI0SlR5rT1gzJHpyJAxBP2kXtqyHwg9am_FB3M.bnVsbA
2023-03-28T19:40:53.016+0800	INFO	v1/user.go:66	ctx.ShouldBindJSON(&reqLogin) failed: %vjson: cannot unmarshal string into Go struct field Login.loginType of type request.LoginType
2023-03-28T20:22:44.643+0800	INFO	logic/user.go:44	[123 34 116 121 112 101 34 58 34 117 115 101 114 34 44 34 105 100 34 58 49 125]
2023-03-28T20:22:44.643+0800	INFO	logic/user.go:44	[123 34 116 121 112 101 34 58 34 117 115 101 114 34 44 34 105 100 34 58 49 125]
2023-03-28T20:23:12.728+0800	INFO	logic/user.go:44	{"type":"user","id":1}
2023-03-28T20:23:12.728+0800	INFO	logic/user.go:44	{"type":"user","id":1}
2023-03-28T20:24:23.104+0800	INFO	logic/user.go:44	{"type":"user","id":1}
2023-03-28T20:24:23.105+0800	INFO	logic/user.go:44	{"type":"user","id":1}
2023-03-28T20:24:47.961+0800	INFO	logic/user.go:44	{"type":"user","id":1}
2023-03-28T20:24:47.961+0800	INFO	logic/user.go:44	{"type":"user","id":1}
2023-03-28T20:28:01.440+0800	INFO	logic/user.go:44	{"type":"user","id":1}
2023-03-28T20:28:01.440+0800	INFO	logic/user.go:44	{"type":"user","id":1}
2023-03-28T20:29:00.156+0800	INFO	logic/user.go:44	{"type":"user","id":1}
2023-03-28T20:29:00.156+0800	INFO	logic/user.go:44	{"type":"user","id":1}
2023-03-28T20:31:05.182+0800	INFO	logic/user.go:44	{"type":"user","id":1}
2023-03-28T20:31:05.182+0800	INFO	logic/user.go:44	{"type":"user","id":1}
2023-03-28T20:34:21.711+0800	INFO	middleware/auth.go:31	v2.local.wUSjbtJRrgcdQI6y5XUq8siSKYko3Zm3PAsdAqjipbxz75ksx1Ketj3d8jSEmT0h_wAN6zqEm4jo9NXZIVQZTezUMF-083ZaxyCqlWfdzKLsw_BAPCdtXOLv3OaTY3-f58Wua0QOe2utNAGcQn5P9beJ62gV1Q-PYub1SBGUvbcnYLGvC9Cab1jNHFF-Imi_PXyf3YOsnAMgqxO_5ornlCPcCAZd-QubzPcKpser9zcyKY1_4gri3ioBvi_aWYfibF4.bnVsbA
2023-03-28T20:34:21.712+0800	INFO	middleware/auth.go:41	global.Maker.UnMarshal failed,err: unexpected end of JSON input
2023-03-28T20:34:21.712+0800	INFO	middleware/auth.go:45	&{ 0}
2023-03-28T20:34:57.892+0800	INFO	middleware/auth.go:31	v2.local.3qDVX2K2qlkkRNz9m-0SQ8bItsXmcDCfBIkQKHM94qPpx5XMhCnQBmulxIJsHcdsjqCbLoLg9YU44hg2mkE4bSr2hbBkN7G3fFH7WAaaKWsntu82wSLAXd92gx1JtI-OGCP0zpMNW49ZuXDLdVQy_-EiDYZZ6wRHegplh3KmNOB4zTfmjY9vw2eKIKm2uo-K_SCdyQZ1nzwyD6cigrLpO5W1pGJV648p43V-KNlcFtL8HFR7iIZNfA2B-XNGCU-U3J74O50dOeH3l6BKUIPYG6yzL7wWr72TNWEK2F74UHH9XeU.bnVsbA
2023-03-28T20:34:57.892+0800	INFO	middleware/auth.go:45	&{user 1}
2023-03-28T20:47:37.569+0800	INFO	logic/user.go:44	{"type":"user","id":1}
2023-03-28T20:47:37.569+0800	INFO	logic/user.go:44	{"type":"user","id":1}
2023-04-02T22:13:38.430+0800	INFO	logic/user.go:44	{"type":"user","id":2}
2023-04-02T22:13:38.430+0800	INFO	logic/user.go:44	{"type":"user","id":2}
2023-04-02T22:18:27.693+0800	INFO	logic/user.go:44	{"type":"user","id":2}
2023-04-02T22:18:27.693+0800	INFO	logic/user.go:44	{"type":"user","id":2}
2023-04-02T22:25:52.947+0800	INFO	logic/user.go:44	{"type":"user","id":2}
2023-04-02T22:25:52.947+0800	INFO	logic/user.go:44	{"type":"user","id":2}
2023-04-02T22:42:49.849+0800	INFO	logic/user.go:44	{"type":"user","id":2}
2023-04-02T22:42:49.849+0800	INFO	logic/user.go:44	{"type":"user","id":2}
2023-04-02T22:43:25.535+0800	INFO	logic/user.go:44	{"type":"user","id":2}
2023-04-02T22:43:25.535+0800	INFO	logic/user.go:44	{"type":"user","id":2}
2023-04-02T22:43:49.314+0800	INFO	logic/user.go:44	{"type":"user","id":2}
2023-04-02T22:43:49.315+0800	INFO	logic/user.go:44	{"type":"user","id":2}
2023-04-02T22:48:36.530+0800	INFO	logic/user.go:44	{"type":"user","id":2}
2023-04-02T22:48:36.530+0800	INFO	logic/user.go:44	{"type":"user","id":2}
2023-04-03T10:02:21.619+0800	INFO	middleware/auth.go:47	&{user 1}
2023-04-03T10:05:59.376+0800	INFO	middleware/auth.go:47	&{user 1}
2023-04-03T10:06:14.810+0800	INFO	middleware/auth.go:47	&{user 1}
2023-04-03T14:53:10.361+0800	INFO	middleware/auth.go:47	&{user 1}
2023-04-03T14:53:54.301+0800	INFO	middleware/auth.go:47	&{user 1}
2023-04-03T14:54:25.283+0800	INFO	middleware/auth.go:47	&{user 1}
2023-04-03T14:54:41.640+0800	INFO	middleware/auth.go:47	&{user 1}
2023-04-03T14:57:08.571+0800	INFO	middleware/auth.go:35	global.Maker.VerifyToken(tokenString) failed: 超时错误
2023-04-03T14:57:33.378+0800	INFO	logic/email.go:59	400
2023-04-03T14:57:33.379+0800	INFO	logic/email.go:60	535 Login Fail. Please enter your authorization code to login. More information in http://service.mail.qq.com/cgi-bin/help?subtype=1&&id=28&&no=1001256
2023-04-03T14:57:33.379+0800	INFO	logic/email.go:65	send error: 535 Login Fail. Please enter your authorization code to login. More information in http://service.mail.qq.com/cgi-bin/help?subtype=1&&id=28&&no=1001256
2023-04-03T15:03:55.421+0800	INFO	middleware/auth.go:35	global.Maker.VerifyToken(tokenString) failed: failed to decode token: incorrect token header
2023-04-03T15:04:17.085+0800	INFO	middleware/auth.go:35	global.Maker.VerifyToken(tokenString) failed: failed to decode token: incorrect token header
2023-04-03T15:05:17.249+0800	INFO	middleware/auth.go:35	global.Maker.VerifyToken(tokenString) failed: failed to decode token: incorrect token header
2023-04-03T15:05:54.242+0800	INFO	middleware/auth.go:35	global.Maker.VerifyToken(tokenString) failed: failed to decode token: incorrect token header
2023-04-03T15:06:37.050+0800	INFO	middleware/auth.go:35	global.Maker.VerifyToken(tokenString) failed: failed to decode token: incorrect token header
2023-04-03T15:12:54.808+0800	INFO	logic/email.go:62	400
2023-04-03T15:12:54.836+0800	INFO	logic/email.go:63	dial tcp: lookup smtp.qq.com: i/o timeout
2023-04-03T15:12:54.836+0800	INFO	logic/email.go:68	send error: dial tcp: lookup smtp.qq.com: i/o timeout
2023-04-03T15:21:20.449+0800	INFO	logic/email.go:62	400
2023-04-03T15:21:20.476+0800	INFO	logic/email.go:63	dial tcp: lookup smtp.qq.com: i/o timeout
2023-04-03T15:21:20.476+0800	INFO	logic/email.go:68	send error: dial tcp: lookup smtp.qq.com: i/o timeout
2023-04-03T15:41:04.781+0800	INFO	logic/email.go:62	400
2023-04-03T15:41:04.782+0800	INFO	logic/email.go:63	dial tcp: lookup smtp.qq.com: i/o timeout
2023-04-03T15:41:04.782+0800	INFO	logic/email.go:68	send error: dial tcp: lookup smtp.qq.com: i/o timeout
2023-04-03T15:42:51.470+0800	INFO	logic/email.go:62	400
2023-04-03T15:42:51.470+0800	INFO	logic/email.go:63	dial tcp: lookup smtp.qq.com: i/o timeout
2023-04-03T15:42:51.470+0800	INFO	logic/email.go:68	send error: dial tcp: lookup smtp.qq.com: i/o timeout
2023-04-03T15:43:11.057+0800	INFO	logic/user.go:44	{"type":"user","id":312}
2023-04-03T15:43:11.057+0800	INFO	logic/user.go:44	{"type":"user","id":312}
2023-04-03T15:52:37.565+0800	INFO	middleware/auth.go:42	global.Maker.UnMarshal failed,err: unexpected end of JSON input
2023-04-03T15:58:13.177+0800	INFO	middleware/auth.go:47	&{user 1}
2023-04-03T16:01:51.760+0800	INFO	middleware/auth.go:47	&{user 1}
2023-04-03T16:09:53.437+0800	INFO	middleware/auth.go:35	global.Maker.VerifyToken(tokenString) failed: 超时错误
2023-04-03T16:10:12.880+0800	INFO	middleware/auth.go:47	&{user 312}
2023-04-03T16:10:12.884+0800	INFO	v1/account.go:88	logic.Group.Account.CreateAccount failed{err 26 0  错误码:1003,错误信息:系统错误,详细信息:[Error 1054 (42S22): Unknown column 'is_deleted' in 'field list']}
2023-04-03T16:17:40.498+0800	INFO	middleware/auth.go:47	&{user 312}
2023-04-03T16:17:40.503+0800	INFO	v1/account.go:88	logic.Group.Account.CreateAccount failed{err 26 0  错误码:1003,错误信息:系统错误,详细信息:[Error 1406 (22001): Data too long for column 'friend_type' at row 1]}
2023-04-03T16:44:40.111+0800	INFO	logic/email.go:62	400
2023-04-03T16:44:40.112+0800	INFO	logic/email.go:63	dial tcp: lookup smtp.qq.com: i/o timeout
2023-04-03T16:44:40.112+0800	INFO	logic/email.go:68	send error: dial tcp: lookup smtp.qq.com: i/o timeout
2023-04-03T16:45:05.608+0800	INFO	logic/user.go:44	{"type":"user","id":1}
2023-04-03T16:45:05.608+0800	INFO	logic/user.go:44	{"type":"user","id":1}
2023-04-03T16:47:46.086+0800	INFO	middleware/auth.go:47	&{user 1}
2023-04-03T16:47:46.093+0800	INFO	logic/user.go:44	{"type":"account","id":649303983231340544}
2023-04-03T16:47:46.093+0800	INFO	v1/account.go:88	logic.Group.Account.CreateAccount failed{err 26 0  错误码:1001,错误信息:参数有误,详细信息:[]}
2023-04-03T16:54:48.561+0800	INFO	middleware/auth.go:47	&{user 1}
2023-04-03T16:54:48.562+0800	INFO	v1/account.go:82	ctx.ShouldBindJSON(&req) failed: Key: 'CreateAccountReq.gender' Error:Field validation for 'gender' failed on the 'oneof' tag
2023-04-03T16:55:17.156+0800	INFO	middleware/auth.go:47	&{user 1}
2023-04-03T16:55:17.162+0800	INFO	v1/account.go:88	logic.Group.Account.CreateAccount failed{err 26 0  错误码:1003,错误信息:系统错误,详细信息:[Error 1264 (22003): Out of range value for column 'account_id' at row 1]}
2023-04-03T16:57:15.227+0800	INFO	middleware/auth.go:47	&{user 1}
2023-04-03T16:57:15.233+0800	INFO	v1/account.go:88	logic.Group.Account.CreateAccount failed{err 26 0  错误码:1001,错误信息:参数有误,详细信息:[]}
2023-04-03T16:57:15.233+0800	INFO	logic/user.go:44	{"type":"account","id":649306370385907712}
2023-04-03T16:58:21.052+0800	INFO	middleware/auth.go:47	&{user 1}
2023-04-03T16:58:21.057+0800	INFO	v1/account.go:88	logic.Group.Account.CreateAccount failed{err 26 0  错误码:1001,错误信息:参数有误,详细信息:[]}
2023-04-03T16:58:21.057+0800	INFO	logic/user.go:44	{"type":"account","id":649306646471774208}
2023-04-03T16:59:08.278+0800	INFO	middleware/auth.go:47	&{user 1}
2023-04-03T16:59:08.283+0800	INFO	v1/account.go:88	logic.Group.Account.CreateAccount failed{err 26 0  错误码:1003,错误信息:系统错误,详细信息:[Error 1264 (22003): Out of range value for column 'account_id' at row 1]}
2023-04-03T16:59:26.477+0800	INFO	middleware/auth.go:47	&{user 1}
2023-04-03T16:59:26.482+0800	INFO	logic/user.go:44	{"type":"account","id":649306920884113408}
2023-04-03T16:59:26.482+0800	INFO	v1/account.go:88	logic.Group.Account.CreateAccount failed{err 26 0  错误码:1001,错误信息:参数有误,详细信息:[]}
2023-04-03T17:03:44.799+0800	INFO	middleware/auth.go:47	&{user 1}
2023-04-03T17:03:55.451+0800	INFO	middleware/auth.go:47	&{user 1}
2023-04-03T17:04:06.744+0800	INFO	middleware/auth.go:47	&{user 1}
2023-04-03T17:04:06.749+0800	INFO	logic/user.go:44	{"type":"account","id":649308096409112576}
2023-04-03T17:05:19.724+0800	INFO	middleware/auth.go:47	&{user 1}
2023-04-03T17:08:11.806+0800	INFO	middleware/auth.go:47	&{user 1}
2023-04-03T17:14:44.371+0800	INFO	middleware/auth.go:47	&{user 1}
2023-04-03T17:14:48.508+0800	INFO	middleware/auth.go:47	&{user 1}
2023-04-03T17:14:50.347+0800	INFO	middleware/auth.go:47	&{user 1}
2023-04-03T17:14:53.722+0800	INFO	middleware/auth.go:47	&{user 1}
2023-04-03T17:14:59.891+0800	INFO	middleware/auth.go:47	&{user 1}
2023-04-03T17:15:02.801+0800	INFO	middleware/auth.go:47	&{user 1}
2023-04-03T17:15:04.668+0800	INFO	middleware/auth.go:47	&{user 1}
2023-04-03T17:15:06.230+0800	INFO	middleware/auth.go:47	&{user 1}
2023-04-03T17:15:06.236+0800	INFO	logic/user.go:44	{"type":"account","id":649310862493880320}
2023-04-03T17:15:13.876+0800	INFO	middleware/auth.go:47	&{user 1}
2023-04-03T17:15:17.638+0800	INFO	middleware/auth.go:47	&{user 1}
2023-04-03T17:15:17.643+0800	INFO	logic/user.go:44	{"type":"account","id":649310910342500352}
2023-04-03T17:15:39.608+0800	INFO	middleware/auth.go:47	&{user 1}
2023-04-03T17:17:18.407+0800	INFO	middleware/auth.go:47	&{user 1}
2023-04-03T17:17:51.797+0800	INFO	middleware/auth.go:47	&{user 1}
2023-04-03T17:20:40.921+0800	INFO	middleware/auth.go:47	&{user 1}
2023-04-03T17:21:11.239+0800	INFO	middleware/auth.go:47	&{user 1}
2023-04-03T17:22:22.957+0800	INFO	middleware/auth.go:47	&{user 1}
2023-04-03T17:22:35.915+0800	INFO	middleware/auth.go:47	&{user 1}
2023-04-03T17:35:21.922+0800	INFO	middleware/auth.go:47	&{user 1}
2023-04-03T17:36:24.796+0800	INFO	middleware/auth.go:47	&{user 1}
2023-04-03T17:40:11.908+0800	INFO	middleware/auth.go:35	global.Maker.VerifyToken(tokenString) failed: failed to decode token: incorrect token header
2023-04-03T19:12:12.786+0800	INFO	middleware/auth.go:47	&{user 1}
2023-04-03T19:12:57.380+0800	INFO	middleware/auth.go:47	&{user 1}
2023-04-03T19:12:57.388+0800	INFO	logic/user.go:44	{"type":"account","id":649340521046609920}
2023-04-03T19:13:33.498+0800	INFO	middleware/auth.go:47	&{account 649340521046609920}
2023-04-03T19:19:57.843+0800	INFO	middleware/auth.go:47	&{account 649340521046609920}
2023-04-03T19:20:16.185+0800	INFO	middleware/auth.go:47	&{account 649340521046609920}
2023-04-03T19:21:31.484+0800	INFO	middleware/auth.go:47	&{user 1}
2023-04-03T19:21:35.100+0800	INFO	middleware/auth.go:47	&{user 1}
2023-04-03T19:21:35.106+0800	INFO	logic/user.go:44	{"type":"account","id":649342692521676800}
2023-04-03T19:27:18.777+0800	INFO	middleware/auth.go:47	&{account 649342692521676800}
2023-04-03T19:31:11.352+0800	INFO	middleware/auth.go:47	&{account 649342692521676800}
2023-04-03T19:32:02.467+0800	INFO	middleware/auth.go:47	&{account 649342692521676800}
2023-04-03T19:32:46.691+0800	INFO	middleware/auth.go:47	&{account 649342692521676800}
2023-04-03T19:35:06.969+0800	INFO	middleware/auth.go:47	&{account 649342692521676800}
2023-04-03T19:35:19.999+0800	INFO	middleware/auth.go:47	&{user 1}
2023-04-03T19:35:31.942+0800	INFO	middleware/auth.go:47	&{user 1}
2023-04-03T19:39:29.712+0800	INFO	middleware/auth.go:47	&{user 1}
2023-04-03T19:40:11.795+0800	INFO	middleware/auth.go:47	&{user 1}
2023-04-03T19:41:10.328+0800	INFO	middleware/auth.go:47	&{user 1}
2023-04-03T19:41:10.328+0800	INFO	v1/account.go:41	params.AccountID:%v1832914944
2023-04-03T19:42:28.863+0800	INFO	middleware/auth.go:47	&{account 649340521046609920}
2023-04-03T19:42:28.863+0800	INFO	v1/account.go:41	params.AccountID:%v222302208
2023-04-03T19:44:09.986+0800	INFO	middleware/auth.go:48	&{account 649340521046609920}
2023-04-03T19:45:11.449+0800	INFO	middleware/auth.go:48	&{user 1}
2023-04-03T19:45:11.456+0800	INFO	logic/user.go:44	{"type":"account","id":649348633124147200}
2023-04-03T19:47:55.956+0800	INFO	middleware/auth.go:48	&{user 1}
2023-04-03T19:47:57.191+0800	INFO	middleware/auth.go:48	&{user 1}
2023-04-03T19:47:57.197+0800	INFO	logic/user.go:43	account649349328292286464
2023-04-03T19:47:57.197+0800	INFO	logic/user.go:45	{"type":"account","id":649349328292286464}
2023-04-03T19:51:39.705+0800	INFO	middleware/auth.go:48	&{user 1}
2023-04-03T19:51:39.706+0800	INFO	logic/account.go:59	id := global.SnowFlake.GetId() = 649350261583646720

2023-04-03T19:51:39.712+0800	INFO	logic/user.go:43	account649350261583646720
2023-04-03T19:51:39.712+0800	INFO	logic/user.go:45	{"type":"account","id":649350261583646720}
2023-04-03T19:53:07.764+0800	INFO	middleware/auth.go:48	&{user 1}
2023-04-03T19:53:07.765+0800	INFO	snowflake/gen_id.go:55	在雪花中:649350630929862656

2023-04-03T19:53:07.766+0800	INFO	logic/account.go:59	id := global.SnowFlake.GetId() = 649350630929862656

2023-04-03T19:53:07.772+0800	INFO	logic/user.go:43	account649350630929862656
2023-04-03T19:53:07.772+0800	INFO	logic/user.go:45	{"type":"account","id":649350630929862656}
2023-04-03T19:59:06.717+0800	INFO	middleware/auth.go:48	&{user 1}
2023-04-03T19:59:06.720+0800	INFO	snowflake/gen_id.go:55	在雪花中:649352136496254976

2023-04-03T19:59:06.720+0800	INFO	logic/account.go:59	id := global.SnowFlake.GetId() = 649352136496254976

2023-04-03T19:59:06.720+0800	INFO	tx/account_tx.go:39	看一下req里面的id：649352136496254976

2023-04-03T19:59:12.565+0800	INFO	middleware/auth.go:48	&{user 1}
2023-04-03T19:59:12.566+0800	INFO	snowflake/gen_id.go:55	在雪花中:649352161016156160

2023-04-03T19:59:12.566+0800	INFO	logic/account.go:59	id := global.SnowFlake.GetId() = 649352161016156160

2023-04-03T19:59:12.566+0800	INFO	tx/account_tx.go:39	看一下req里面的id：649352161016156160

2023-04-03T19:59:14.092+0800	INFO	middleware/auth.go:48	&{user 1}
2023-04-03T19:59:14.093+0800	INFO	snowflake/gen_id.go:55	在雪花中:649352167420858368

2023-04-03T19:59:14.094+0800	INFO	logic/account.go:59	id := global.SnowFlake.GetId() = 649352167420858368

2023-04-03T19:59:14.094+0800	INFO	tx/account_tx.go:39	看一下req里面的id：649352167420858368

2023-04-03T19:59:14.099+0800	INFO	logic/user.go:43	account649352167420858368
2023-04-03T19:59:14.099+0800	INFO	logic/user.go:45	{"type":"account","id":649352167420858368}
2023-04-03T19:59:46.865+0800	INFO	middleware/auth.go:48	&{user 1}
2023-04-03T19:59:46.867+0800	INFO	snowflake/gen_id.go:55	在雪花中:649352304884977664

2023-04-03T19:59:46.867+0800	INFO	logic/account.go:59	id := global.SnowFlake.GetId() = 649352304884977664

2023-04-03T19:59:46.867+0800	INFO	tx/account_tx.go:39	看一下req里面的id：649352304884977664

2023-04-03T19:59:46.873+0800	INFO	logic/user.go:43	account649352304884977664
2023-04-03T19:59:46.873+0800	INFO	logic/user.go:45	{"type":"account","id":649352304884977664}
2023-04-03T20:14:48.751+0800	INFO	middleware/auth.go:48	&{user 1}
2023-04-03T20:14:48.753+0800	INFO	snowflake/gen_id.go:55	在雪花中:649356087669035008

2023-04-03T20:14:48.754+0800	INFO	logic/account.go:59	id := global.SnowFlake.GetId() = 649356087669035008

2023-04-03T20:14:56.144+0800	INFO	middleware/auth.go:48	&{user 1}
2023-04-03T20:14:56.146+0800	INFO	snowflake/gen_id.go:55	在雪花中:649356118677524480

2023-04-03T20:14:56.147+0800	INFO	logic/account.go:59	id := global.SnowFlake.GetId() = 649356118677524480

2023-04-03T20:14:56.152+0800	INFO	logic/user.go:43	account649356118677524480
2023-04-03T20:14:56.153+0800	INFO	logic/user.go:45	{"type":"account","id":649356118677524480}
2023-04-03T20:17:10.055+0800	INFO	middleware/auth.go:48	&{user 1}
2023-04-03T20:17:10.057+0800	INFO	snowflake/gen_id.go:55	在雪花中:649356680340967424

2023-04-03T20:17:10.058+0800	INFO	logic/account.go:59	id := global.SnowFlake.GetId() = 649356680340967424

2023-04-03T20:17:11.769+0800	INFO	middleware/auth.go:48	&{user 1}
2023-04-03T20:17:11.769+0800	INFO	snowflake/gen_id.go:55	在雪花中:649356687521615872

2023-04-03T20:17:11.769+0800	INFO	logic/account.go:59	id := global.SnowFlake.GetId() = 649356687521615872

2023-04-03T20:17:13.509+0800	INFO	middleware/auth.go:48	&{user 1}
2023-04-03T20:17:13.510+0800	INFO	snowflake/gen_id.go:55	在雪花中:649356694823899136

2023-04-03T20:17:13.510+0800	INFO	logic/account.go:59	id := global.SnowFlake.GetId() = 649356694823899136

2023-04-03T20:17:13.516+0800	INFO	logic/user.go:43	account649356694823899136
2023-04-03T20:17:13.516+0800	INFO	logic/user.go:45	{"type":"account","id":649356694823899136}
2023-04-03T20:17:48.746+0800	INFO	middleware/auth.go:48	&{account 649356694823899136}
2023-04-03T20:23:40.133+0800	INFO	middleware/auth.go:48	&{user 1}
2023-04-03T20:23:40.135+0800	INFO	snowflake/gen_id.go:55	在雪花中:649358316446683136

2023-04-03T20:23:40.136+0800	INFO	logic/account.go:59	id := global.SnowFlake.GetId() = 649358316446683136

2023-04-03T20:23:45.836+0800	INFO	middleware/auth.go:48	&{user 1}
2023-04-03T20:23:45.836+0800	INFO	snowflake/gen_id.go:55	在雪花中:649358340358410240

2023-04-03T20:23:45.836+0800	INFO	logic/account.go:59	id := global.SnowFlake.GetId() = 649358340358410240

2023-04-03T20:23:45.842+0800	INFO	logic/user.go:43	account649358340358410240
2023-04-03T20:23:45.842+0800	INFO	logic/user.go:45	{"type":"account","id":649358340358410240}
2023-04-03T20:27:43.776+0800	INFO	middleware/auth.go:48	&{user 1}
2023-04-03T20:27:43.778+0800	INFO	snowflake/gen_id.go:55	在雪花中:649359338359492608

2023-04-03T20:27:43.778+0800	INFO	logic/account.go:59	id := global.SnowFlake.GetId() = 649359338359492608

2023-04-03T20:27:44.673+0800	INFO	middleware/auth.go:48	&{user 1}
2023-04-03T20:27:44.673+0800	INFO	snowflake/gen_id.go:55	在雪花中:649359342113394688

2023-04-03T20:27:44.673+0800	INFO	logic/account.go:59	id := global.SnowFlake.GetId() = 649359342113394688

2023-04-03T20:27:46.731+0800	INFO	middleware/auth.go:48	&{user 1}
2023-04-03T20:27:46.732+0800	INFO	snowflake/gen_id.go:55	在雪花中:649359350749466624

2023-04-03T20:27:46.732+0800	INFO	logic/account.go:59	id := global.SnowFlake.GetId() = 649359350749466624

2023-04-03T20:27:47.802+0800	INFO	middleware/auth.go:48	&{user 1}
2023-04-03T20:27:47.802+0800	INFO	snowflake/gen_id.go:55	在雪花中:649359355237371904

2023-04-03T20:27:47.802+0800	INFO	logic/account.go:59	id := global.SnowFlake.GetId() = 649359355237371904

2023-04-03T20:27:48.866+0800	INFO	middleware/auth.go:48	&{user 1}
2023-04-03T20:27:48.867+0800	INFO	snowflake/gen_id.go:55	在雪花中:649359359704305664

2023-04-03T20:27:48.867+0800	INFO	logic/account.go:59	id := global.SnowFlake.GetId() = 649359359704305664

2023-04-03T20:27:56.846+0800	INFO	middleware/auth.go:48	&{user 1}
2023-04-03T20:27:56.848+0800	INFO	snowflake/gen_id.go:55	在雪花中:649359393179045888

2023-04-03T20:27:56.848+0800	INFO	logic/account.go:59	id := global.SnowFlake.GetId() = 649359393179045888

2023-04-03T20:27:56.853+0800	INFO	logic/user.go:43	account649359393179045888
2023-04-03T20:27:56.853+0800	INFO	logic/user.go:45	{"type":"account","id":649359393179045888}
